Wed, 27 Mar 2019 12:11:48 GMT - : method - : user-agent - "/task/viewTasks" - : status : response-time(END)
Wed, 27 Mar 2019 12:13:01 GMT - : method - : user-agent - "/task/viewTasks" - : status : response-time(END)
Wed, 27 Mar 2019 12:13:12 GMT - : method - : user-agent - "/task/add" - : status : response-time(END)
Wed, 27 Mar 2019 12:14:45 GMT - GET - Mozilla/5.0 (Windows NT 6.1; Win64; x64) AppleWebKit/537.36 (KHTML, like Gecko) Chrome/73.0.3683.86 Safari/537.36 - "/task/viewTasks" - 200 52.257(END)
Wed, 27 Mar 2019 12:14:47 GMT - GET - Mozilla/5.0 (Windows NT 6.1; Win64; x64) AppleWebKit/537.36 (KHTML, like Gecko) Chrome/73.0.3683.86 Safari/537.36 - "/task/viewTasks" - 304 6.317(END)
Fri, 29 Mar 2019 06:46:17 GMT - GET - Mozilla/5.0 (Windows NT 6.1; Win64; x64) AppleWebKit/537.36 (KHTML, like Gecko) Chrome/73.0.3683.86 Safari/537.36 - "/task/viewTasks" - 200 140.533(END)
Fri, 29 Mar 2019 06:46:17 GMT - GET - Mozilla/5.0 (Windows NT 6.1; Win64; x64) AppleWebKit/537.36 (KHTML, like Gecko) Chrome/73.0.3683.86 Safari/537.36 - "/task/viewTasks" - 304 6.435(END)
Fri, 29 Mar 2019 06:46:18 GMT - GET - Mozilla/5.0 (Windows NT 6.1; Win64; x64) AppleWebKit/537.36 (KHTML, like Gecko) Chrome/73.0.3683.86 Safari/537.36 - "/task/viewTasks" - 304 4.684(END)
Fri, 29 Mar 2019 06:48:17 GMT - GET - Mozilla/5.0 (Windows NT 6.1; Win64; x64) AppleWebKit/537.36 (KHTML, like Gecko) Chrome/73.0.3683.86 Safari/537.36 - "/task/viewTasks" - 304 5.104(END)
Fri, 29 Mar 2019 06:48:18 GMT - GET - Mozilla/5.0 (Windows NT 6.1; Win64; x64) AppleWebKit/537.36 (KHTML, like Gecko) Chrome/73.0.3683.86 Safari/537.36 - "/task/viewTasks" - 304 3.888(END)
Fri, 29 Mar 2019 06:48:35 GMT - GET - Mozilla/5.0 (Windows NT 6.1; Win64; x64) AppleWebKit/537.36 (KHTML, like Gecko) Chrome/73.0.3683.86 Safari/537.36 - "/task/viewTasks" - 304 4.059(END)
Fri, 29 Mar 2019 06:48:35 GMT - GET - Mozilla/5.0 (Windows NT 6.1; Win64; x64) AppleWebKit/537.36 (KHTML, like Gecko) Chrome/73.0.3683.86 Safari/537.36 - "/task/viewTasks" - 304 5.473(END)
Fri, 29 Mar 2019 06:48:35 GMT - GET - Mozilla/5.0 (Windows NT 6.1; Win64; x64) AppleWebKit/537.36 (KHTML, like Gecko) Chrome/73.0.3683.86 Safari/537.36 - "/task/viewTasks" - 304 5.359(END)
Fri, 29 Mar 2019 06:48:49 GMT - GET - Mozilla/5.0 (Windows NT 6.1; Win64; x64) AppleWebKit/537.36 (KHTML, like Gecko) Chrome/73.0.3683.86 Safari/537.36 - "/task/viewTasks" - 304 5.297(END)
Fri, 29 Mar 2019 06:48:56 GMT - GET - Mozilla/5.0 (Windows NT 6.1; Win64; x64) AppleWebKit/537.36 (KHTML, like Gecko) Chrome/73.0.3683.86 Safari/537.36 - "/task/viewTasks" - 304 4.902(END)
Fri, 29 Mar 2019 06:48:56 GMT - GET - Mozilla/5.0 (Windows NT 6.1; Win64; x64) AppleWebKit/537.36 (KHTML, like Gecko) Chrome/73.0.3683.86 Safari/537.36 - "/task/viewTasks" - 304 5.337(END)
Fri, 29 Mar 2019 06:48:56 GMT - GET - Mozilla/5.0 (Windows NT 6.1; Win64; x64) AppleWebKit/537.36 (KHTML, like Gecko) Chrome/73.0.3683.86 Safari/537.36 - "/task/viewTasks" - 304 5.211(END)
Fri, 29 Mar 2019 06:57:44 GMT - GET - Mozilla/5.0 (Windows NT 6.1; Win64; x64) AppleWebKit/537.36 (KHTML, like Gecko) Chrome/73.0.3683.86 Safari/537.36 - "/task/viewTasks" - 304 3.952(END)
Fri, 29 Mar 2019 06:57:44 GMT - GET - Mozilla/5.0 (Windows NT 6.1; Win64; x64) AppleWebKit/537.36 (KHTML, like Gecko) Chrome/73.0.3683.86 Safari/537.36 - "/task/viewTasks" - 304 4.016(END)
Fri, 29 Mar 2019 06:57:44 GMT - GET - Mozilla/5.0 (Windows NT 6.1; Win64; x64) AppleWebKit/537.36 (KHTML, like Gecko) Chrome/73.0.3683.86 Safari/537.36 - "/task/viewTasks" - 304 4.091(END)
Fri, 29 Mar 2019 06:57:44 GMT - GET - Mozilla/5.0 (Windows NT 6.1; Win64; x64) AppleWebKit/537.36 (KHTML, like Gecko) Chrome/73.0.3683.86 Safari/537.36 - "/task/viewTasks" - 304 3.863(END)
Fri, 29 Mar 2019 06:58:35 GMT - GET - Mozilla/5.0 (Windows NT 6.1; Win64; x64) AppleWebKit/537.36 (KHTML, like Gecko) Chrome/73.0.3683.86 Safari/537.36 - "/task/viewTasks" - 304 6.430(END)
Fri, 29 Mar 2019 06:58:42 GMT - GET - Mozilla/5.0 (Windows NT 6.1; Win64; x64) AppleWebKit/537.36 (KHTML, like Gecko) Chrome/73.0.3683.86 Safari/537.36 - "/task/viewTasks" - 304 4.585(END)
Fri, 29 Mar 2019 06:58:43 GMT - GET - Mozilla/5.0 (Windows NT 6.1; Win64; x64) AppleWebKit/537.36 (KHTML, like Gecko) Chrome/73.0.3683.86 Safari/537.36 - "/task/viewTasks" - 304 5.013(END)
Fri, 29 Mar 2019 06:58:43 GMT - GET - Mozilla/5.0 (Windows NT 6.1; Win64; x64) AppleWebKit/537.36 (KHTML, like Gecko) Chrome/73.0.3683.86 Safari/537.36 - "/task/viewTasks" - 304 5.121(END)
Fri, 29 Mar 2019 06:58:43 GMT - GET - Mozilla/5.0 (Windows NT 6.1; Win64; x64) AppleWebKit/537.36 (KHTML, like Gecko) Chrome/73.0.3683.86 Safari/537.36 - "/task/viewTasks" - 304 3.712(END)
Fri, 29 Mar 2019 06:59:11 GMT - GET - Mozilla/5.0 (Windows NT 6.1; Win64; x64) AppleWebKit/537.36 (KHTML, like Gecko) Chrome/73.0.3683.86 Safari/537.36 - "/task/viewTasks" - 304 5.256(END)
Fri, 29 Mar 2019 06:59:23 GMT - GET - Mozilla/5.0 (Windows NT 6.1; Win64; x64) AppleWebKit/537.36 (KHTML, like Gecko) Chrome/73.0.3683.86 Safari/537.36 - "/task/viewTasks" - 304 4.285(END)
Fri, 29 Mar 2019 06:59:23 GMT - GET - Mozilla/5.0 (Windows NT 6.1; Win64; x64) AppleWebKit/537.36 (KHTML, like Gecko) Chrome/73.0.3683.86 Safari/537.36 - "/task/viewTasks" - 304 3.785(END)
Fri, 29 Mar 2019 06:59:23 GMT - GET - Mozilla/5.0 (Windows NT 6.1; Win64; x64) AppleWebKit/537.36 (KHTML, like Gecko) Chrome/73.0.3683.86 Safari/537.36 - "/task/viewTasks" - 304 3.664(END)
Fri, 29 Mar 2019 06:59:23 GMT - GET - Mozilla/5.0 (Windows NT 6.1; Win64; x64) AppleWebKit/537.36 (KHTML, like Gecko) Chrome/73.0.3683.86 Safari/537.36 - "/task/viewTasks" - 304 3.650(END)
Fri, 29 Mar 2019 06:59:32 GMT - GET - Mozilla/5.0 (Windows NT 6.1; Win64; x64) AppleWebKit/537.36 (KHTML, like Gecko) Chrome/73.0.3683.86 Safari/537.36 - "/task/viewTasks" - 304 4.082(END)
Fri, 29 Mar 2019 06:59:32 GMT - GET - Mozilla/5.0 (Windows NT 6.1; Win64; x64) AppleWebKit/537.36 (KHTML, like Gecko) Chrome/73.0.3683.86 Safari/537.36 - "/task/viewTasks" - 304 3.538(END)
Fri, 29 Mar 2019 06:59:32 GMT - GET - Mozilla/5.0 (Windows NT 6.1; Win64; x64) AppleWebKit/537.36 (KHTML, like Gecko) Chrome/73.0.3683.86 Safari/537.36 - "/task/viewTasks" - 304 5.928(END)
Fri, 29 Mar 2019 06:59:32 GMT - GET - Mozilla/5.0 (Windows NT 6.1; Win64; x64) AppleWebKit/537.36 (KHTML, like Gecko) Chrome/73.0.3683.86 Safari/537.36 - "/task/viewTasks" - 304 5.241(END)
Fri, 29 Mar 2019 07:05:34 GMT - GET - Mozilla/5.0 (Windows NT 6.1; Win64; x64) AppleWebKit/537.36 (KHTML, like Gecko) Chrome/73.0.3683.86 Safari/537.36 - "/task/viewTasks" - 304 4.978(END)
Fri, 29 Mar 2019 07:05:34 GMT - GET - Mozilla/5.0 (Windows NT 6.1; Win64; x64) AppleWebKit/537.36 (KHTML, like Gecko) Chrome/73.0.3683.86 Safari/537.36 - "/task/viewTasks" - 304 4.778(END)
Fri, 29 Mar 2019 07:05:35 GMT - GET - Mozilla/5.0 (Windows NT 6.1; Win64; x64) AppleWebKit/537.36 (KHTML, like Gecko) Chrome/73.0.3683.86 Safari/537.36 - "/task/viewTasks" - 304 3.787(END)
Fri, 29 Mar 2019 07:05:35 GMT - GET - Mozilla/5.0 (Windows NT 6.1; Win64; x64) AppleWebKit/537.36 (KHTML, like Gecko) Chrome/73.0.3683.86 Safari/537.36 - "/task/viewTasks" - 304 5.209(END)
Fri, 29 Mar 2019 07:05:50 GMT - GET - Mozilla/5.0 (Windows NT 6.1; Win64; x64) AppleWebKit/537.36 (KHTML, like Gecko) Chrome/73.0.3683.86 Safari/537.36 - "/task/viewTasks" - 304 4.152(END)
Fri, 29 Mar 2019 07:05:50 GMT - GET - Mozilla/5.0 (Windows NT 6.1; Win64; x64) AppleWebKit/537.36 (KHTML, like Gecko) Chrome/73.0.3683.86 Safari/537.36 - "/task/viewTasks" - 304 5.074(END)
Fri, 29 Mar 2019 07:05:51 GMT - GET - Mozilla/5.0 (Windows NT 6.1; Win64; x64) AppleWebKit/537.36 (KHTML, like Gecko) Chrome/73.0.3683.86 Safari/537.36 - "/task/viewTasks" - 304 4.518(END)
Fri, 29 Mar 2019 07:05:51 GMT - GET - Mozilla/5.0 (Windows NT 6.1; Win64; x64) AppleWebKit/537.36 (KHTML, like Gecko) Chrome/73.0.3683.86 Safari/537.36 - "/task/viewTasks" - 304 3.802(END)
Fri, 29 Mar 2019 07:06:42 GMT - GET - Mozilla/5.0 (Windows NT 6.1; Win64; x64) AppleWebKit/537.36 (KHTML, like Gecko) Chrome/73.0.3683.86 Safari/537.36 - "/task/viewTasks" - 304 7.214(END)
Fri, 29 Mar 2019 07:06:42 GMT - GET - Mozilla/5.0 (Windows NT 6.1; Win64; x64) AppleWebKit/537.36 (KHTML, like Gecko) Chrome/73.0.3683.86 Safari/537.36 - "/task/viewTasks" - 304 3.887(END)
Fri, 29 Mar 2019 07:06:43 GMT - GET - Mozilla/5.0 (Windows NT 6.1; Win64; x64) AppleWebKit/537.36 (KHTML, like Gecko) Chrome/73.0.3683.86 Safari/537.36 - "/task/viewTasks" - 304 3.871(END)
Fri, 29 Mar 2019 07:06:43 GMT - GET - Mozilla/5.0 (Windows NT 6.1; Win64; x64) AppleWebKit/537.36 (KHTML, like Gecko) Chrome/73.0.3683.86 Safari/537.36 - "/task/viewTasks" - 304 4.079(END)
Fri, 29 Mar 2019 07:06:59 GMT - GET - Mozilla/5.0 (Windows NT 6.1; Win64; x64) AppleWebKit/537.36 (KHTML, like Gecko) Chrome/73.0.3683.86 Safari/537.36 - "/task/viewTasks" - 304 3.726(END)
Fri, 29 Mar 2019 07:07:00 GMT - GET - Mozilla/5.0 (Windows NT 6.1; Win64; x64) AppleWebKit/537.36 (KHTML, like Gecko) Chrome/73.0.3683.86 Safari/537.36 - "/task/viewTasks" - 304 3.483(END)
Fri, 29 Mar 2019 07:07:00 GMT - GET - Mozilla/5.0 (Windows NT 6.1; Win64; x64) AppleWebKit/537.36 (KHTML, like Gecko) Chrome/73.0.3683.86 Safari/537.36 - "/task/viewTasks" - 304 4.218(END)
Fri, 29 Mar 2019 07:07:00 GMT - GET - Mozilla/5.0 (Windows NT 6.1; Win64; x64) AppleWebKit/537.36 (KHTML, like Gecko) Chrome/73.0.3683.86 Safari/537.36 - "/task/viewTasks" - 304 3.297(END)
Fri, 29 Mar 2019 07:07:21 GMT - GET - Mozilla/5.0 (Windows NT 6.1; Win64; x64) AppleWebKit/537.36 (KHTML, like Gecko) Chrome/73.0.3683.86 Safari/537.36 - "/task/viewTasks" - 304 4.866(END)
Fri, 29 Mar 2019 07:07:30 GMT - GET - Mozilla/5.0 (Windows NT 6.1; Win64; x64) AppleWebKit/537.36 (KHTML, like Gecko) Chrome/73.0.3683.86 Safari/537.36 - "/task/viewTasks" - 304 7.157(END)
Fri, 29 Mar 2019 07:07:30 GMT - GET - Mozilla/5.0 (Windows NT 6.1; Win64; x64) AppleWebKit/537.36 (KHTML, like Gecko) Chrome/73.0.3683.86 Safari/537.36 - "/task/viewTasks" - 304 3.900(END)
Fri, 29 Mar 2019 07:07:30 GMT - GET - Mozilla/5.0 (Windows NT 6.1; Win64; x64) AppleWebKit/537.36 (KHTML, like Gecko) Chrome/73.0.3683.86 Safari/537.36 - "/task/viewTasks" - 304 9.084(END)
Fri, 29 Mar 2019 07:07:31 GMT - GET - Mozilla/5.0 (Windows NT 6.1; Win64; x64) AppleWebKit/537.36 (KHTML, like Gecko) Chrome/73.0.3683.86 Safari/537.36 - "/task/viewTasks" - 304 562.572(END)
Fri, 29 Mar 2019 07:08:10 GMT - GET - Mozilla/5.0 (Windows NT 6.1; Win64; x64) AppleWebKit/537.36 (KHTML, like Gecko) Chrome/73.0.3683.86 Safari/537.36 - "/task/viewTasks" - 304 4.153(END)
Fri, 29 Mar 2019 07:08:18 GMT - GET - Mozilla/5.0 (Windows NT 6.1; Win64; x64) AppleWebKit/537.36 (KHTML, like Gecko) Chrome/73.0.3683.86 Safari/537.36 - "/task/viewTasks" - 304 3.809(END)
Fri, 29 Mar 2019 07:08:19 GMT - GET - Mozilla/5.0 (Windows NT 6.1; Win64; x64) AppleWebKit/537.36 (KHTML, like Gecko) Chrome/73.0.3683.86 Safari/537.36 - "/task/viewTasks" - 304 3.966(END)
Fri, 29 Mar 2019 07:08:20 GMT - GET - Mozilla/5.0 (Windows NT 6.1; Win64; x64) AppleWebKit/537.36 (KHTML, like Gecko) Chrome/73.0.3683.86 Safari/537.36 - "/task/viewTasks" - 304 7.671(END)
Fri, 29 Mar 2019 07:08:20 GMT - GET - Mozilla/5.0 (Windows NT 6.1; Win64; x64) AppleWebKit/537.36 (KHTML, like Gecko) Chrome/73.0.3683.86 Safari/537.36 - "/task/viewTasks" - 304 3.082(END)
Fri, 29 Mar 2019 07:08:29 GMT - GET - Mozilla/5.0 (Windows NT 6.1; Win64; x64) AppleWebKit/537.36 (KHTML, like Gecko) Chrome/73.0.3683.86 Safari/537.36 - "/task/viewTasks" - 304 3.476(END)
Fri, 29 Mar 2019 07:08:30 GMT - GET - Mozilla/5.0 (Windows NT 6.1; Win64; x64) AppleWebKit/537.36 (KHTML, like Gecko) Chrome/73.0.3683.86 Safari/537.36 - "/task/viewTasks" - 304 3.220(END)
Fri, 29 Mar 2019 07:08:30 GMT - GET - Mozilla/5.0 (Windows NT 6.1; Win64; x64) AppleWebKit/537.36 (KHTML, like Gecko) Chrome/73.0.3683.86 Safari/537.36 - "/task/viewTasks" - 304 3.220(END)
Fri, 29 Mar 2019 07:08:30 GMT - GET - Mozilla/5.0 (Windows NT 6.1; Win64; x64) AppleWebKit/537.36 (KHTML, like Gecko) Chrome/73.0.3683.86 Safari/537.36 - "/task/viewTasks" - 304 3.181(END)
Fri, 29 Mar 2019 07:09:26 GMT - GET - Mozilla/5.0 (Windows NT 6.1; Win64; x64) AppleWebKit/537.36 (KHTML, like Gecko) Chrome/73.0.3683.86 Safari/537.36 - "/task/viewTasks" - 304 3.330(END)
Fri, 29 Mar 2019 07:09:26 GMT - GET - Mozilla/5.0 (Windows NT 6.1; Win64; x64) AppleWebKit/537.36 (KHTML, like Gecko) Chrome/73.0.3683.86 Safari/537.36 - "/task/viewTasks" - 304 11.362(END)
Fri, 29 Mar 2019 07:09:26 GMT - GET - Mozilla/5.0 (Windows NT 6.1; Win64; x64) AppleWebKit/537.36 (KHTML, like Gecko) Chrome/73.0.3683.86 Safari/537.36 - "/task/viewTasks" - 304 3.050(END)
Fri, 29 Mar 2019 07:09:26 GMT - GET - Mozilla/5.0 (Windows NT 6.1; Win64; x64) AppleWebKit/537.36 (KHTML, like Gecko) Chrome/73.0.3683.86 Safari/537.36 - "/task/viewTasks" - 304 4.046(END)
Fri, 29 Mar 2019 07:11:27 GMT - GET - Mozilla/5.0 (Windows NT 6.1; Win64; x64) AppleWebKit/537.36 (KHTML, like Gecko) Chrome/73.0.3683.86 Safari/537.36 - "/task/viewTasks" - 304 5.375(END)
Fri, 29 Mar 2019 07:11:28 GMT - GET - Mozilla/5.0 (Windows NT 6.1; Win64; x64) AppleWebKit/537.36 (KHTML, like Gecko) Chrome/73.0.3683.86 Safari/537.36 - "/task/viewTasks" - 304 4.727(END)
Fri, 29 Mar 2019 07:11:47 GMT - GET - Mozilla/5.0 (Windows NT 6.1; Win64; x64) AppleWebKit/537.36 (KHTML, like Gecko) Chrome/73.0.3683.86 Safari/537.36 - "/task/viewTasks" - 304 13.480(END)
Fri, 29 Mar 2019 07:11:47 GMT - GET - Mozilla/5.0 (Windows NT 6.1; Win64; x64) AppleWebKit/537.36 (KHTML, like Gecko) Chrome/73.0.3683.86 Safari/537.36 - "/task/viewTasks" - 304 3.207(END)
Fri, 29 Mar 2019 07:11:48 GMT - GET - Mozilla/5.0 (Windows NT 6.1; Win64; x64) AppleWebKit/537.36 (KHTML, like Gecko) Chrome/73.0.3683.86 Safari/537.36 - "/task/viewTasks" - 304 3.026(END)
Fri, 29 Mar 2019 07:11:49 GMT - GET - Mozilla/5.0 (Windows NT 6.1; Win64; x64) AppleWebKit/537.36 (KHTML, like Gecko) Chrome/73.0.3683.86 Safari/537.36 - "/task/viewTasks" - 304 28.969(END)
Fri, 29 Mar 2019 07:12:43 GMT - GET - Mozilla/5.0 (Windows NT 6.1; Win64; x64) AppleWebKit/537.36 (KHTML, like Gecko) Chrome/73.0.3683.86 Safari/537.36 - "/task/viewTasks" - 304 3.751(END)
Fri, 29 Mar 2019 07:12:44 GMT - GET - Mozilla/5.0 (Windows NT 6.1; Win64; x64) AppleWebKit/537.36 (KHTML, like Gecko) Chrome/73.0.3683.86 Safari/537.36 - "/task/viewTasks" - 304 3.771(END)
Fri, 29 Mar 2019 07:12:44 GMT - GET - Mozilla/5.0 (Windows NT 6.1; Win64; x64) AppleWebKit/537.36 (KHTML, like Gecko) Chrome/73.0.3683.86 Safari/537.36 - "/task/viewTasks" - 304 3.936(END)
Fri, 29 Mar 2019 07:12:44 GMT - GET - Mozilla/5.0 (Windows NT 6.1; Win64; x64) AppleWebKit/537.36 (KHTML, like Gecko) Chrome/73.0.3683.86 Safari/537.36 - "/task/viewTasks" - 304 3.022(END)
Fri, 29 Mar 2019 07:14:47 GMT - GET - Mozilla/5.0 (Windows NT 6.1; Win64; x64) AppleWebKit/537.36 (KHTML, like Gecko) Chrome/73.0.3683.86 Safari/537.36 - "/task/viewTasks" - 304 6.504(END)
Fri, 29 Mar 2019 07:14:47 GMT - GET - Mozilla/5.0 (Windows NT 6.1; Win64; x64) AppleWebKit/537.36 (KHTML, like Gecko) Chrome/73.0.3683.86 Safari/537.36 - "/task/viewTasks" - 304 3.740(END)
Fri, 29 Mar 2019 07:14:53 GMT - GET - Mozilla/5.0 (Windows NT 6.1; Win64; x64) AppleWebKit/537.36 (KHTML, like Gecko) Chrome/73.0.3683.86 Safari/537.36 - "/task/viewTasks" - 200 20.119(END)
Fri, 29 Mar 2019 07:14:53 GMT - GET - Mozilla/5.0 (Windows NT 6.1; Win64; x64) AppleWebKit/537.36 (KHTML, like Gecko) Chrome/73.0.3683.86 Safari/537.36 - "/task/viewTasks" - 304 18.413(END)
Fri, 29 Mar 2019 07:14:53 GMT - GET - Mozilla/5.0 (Windows NT 6.1; Win64; x64) AppleWebKit/537.36 (KHTML, like Gecko) Chrome/73.0.3683.86 Safari/537.36 - "/task/viewTasks" - 304 3.008(END)
Fri, 29 Mar 2019 07:14:54 GMT - GET - Mozilla/5.0 (Windows NT 6.1; Win64; x64) AppleWebKit/537.36 (KHTML, like Gecko) Chrome/73.0.3683.86 Safari/537.36 - "/task/viewTasks" - 304 3.051(END)
Fri, 29 Mar 2019 08:25:41 GMT - GET - Mozilla/5.0 (Windows NT 6.1; Win64; x64) AppleWebKit/537.36 (KHTML, like Gecko) Chrome/73.0.3683.86 Safari/537.36 - "/task/viewTasks" - 304 13.552(END)
Fri, 29 Mar 2019 08:25:41 GMT - GET - Mozilla/5.0 (Windows NT 6.1; Win64; x64) AppleWebKit/537.36 (KHTML, like Gecko) Chrome/73.0.3683.86 Safari/537.36 - "/task/viewTasks" - 304 3.651(END)
Fri, 29 Mar 2019 08:25:41 GMT - GET - Mozilla/5.0 (Windows NT 6.1; Win64; x64) AppleWebKit/537.36 (KHTML, like Gecko) Chrome/73.0.3683.86 Safari/537.36 - "/task/viewTasks" - 304 4.181(END)
Fri, 29 Mar 2019 08:26:05 GMT - GET - Mozilla/5.0 (Windows NT 6.1; Win64; x64) AppleWebKit/537.36 (KHTML, like Gecko) Chrome/73.0.3683.86 Safari/537.36 - "/task/viewTasks" - 304 3.946(END)
Fri, 29 Mar 2019 08:26:05 GMT - GET - Mozilla/5.0 (Windows NT 6.1; Win64; x64) AppleWebKit/537.36 (KHTML, like Gecko) Chrome/73.0.3683.86 Safari/537.36 - "/task/viewTasks" - 304 3.885(END)
Fri, 29 Mar 2019 08:26:05 GMT - GET - Mozilla/5.0 (Windows NT 6.1; Win64; x64) AppleWebKit/537.36 (KHTML, like Gecko) Chrome/73.0.3683.86 Safari/537.36 - "/task/viewTasks" - 304 3.662(END)
Fri, 29 Mar 2019 08:26:39 GMT - GET - Mozilla/5.0 (Windows NT 6.1; Win64; x64) AppleWebKit/537.36 (KHTML, like Gecko) Chrome/73.0.3683.86 Safari/537.36 - "/task/viewTasks" - 304 2.910(END)
Fri, 29 Mar 2019 08:26:40 GMT - GET - Mozilla/5.0 (Windows NT 6.1; Win64; x64) AppleWebKit/537.36 (KHTML, like Gecko) Chrome/73.0.3683.86 Safari/537.36 - "/task/viewTasks" - 304 4.471(END)
Fri, 29 Mar 2019 08:26:40 GMT - GET - Mozilla/5.0 (Windows NT 6.1; Win64; x64) AppleWebKit/537.36 (KHTML, like Gecko) Chrome/73.0.3683.86 Safari/537.36 - "/task/viewTasks" - 304 3.867(END)
Fri, 29 Mar 2019 08:26:52 GMT - GET - Mozilla/5.0 (Windows NT 6.1; Win64; x64) AppleWebKit/537.36 (KHTML, like Gecko) Chrome/73.0.3683.86 Safari/537.36 - "/task/viewTasks" - 304 7.860(END)
Fri, 29 Mar 2019 08:26:53 GMT - GET - Mozilla/5.0 (Windows NT 6.1; Win64; x64) AppleWebKit/537.36 (KHTML, like Gecko) Chrome/73.0.3683.86 Safari/537.36 - "/task/viewTasks" - 304 4.845(END)
Fri, 29 Mar 2019 08:26:53 GMT - GET - Mozilla/5.0 (Windows NT 6.1; Win64; x64) AppleWebKit/537.36 (KHTML, like Gecko) Chrome/73.0.3683.86 Safari/537.36 - "/task/viewTasks" - 304 3.600(END)
Fri, 29 Mar 2019 08:27:34 GMT - GET - Mozilla/5.0 (Windows NT 6.1; Win64; x64) AppleWebKit/537.36 (KHTML, like Gecko) Chrome/73.0.3683.86 Safari/537.36 - "/task/viewTasks" - 304 3.833(END)
Fri, 29 Mar 2019 08:27:42 GMT - GET - Mozilla/5.0 (Windows NT 6.1; Win64; x64) AppleWebKit/537.36 (KHTML, like Gecko) Chrome/73.0.3683.86 Safari/537.36 - "/task/viewTasks" - 304 3.914(END)
Fri, 29 Mar 2019 08:27:42 GMT - GET - Mozilla/5.0 (Windows NT 6.1; Win64; x64) AppleWebKit/537.36 (KHTML, like Gecko) Chrome/73.0.3683.86 Safari/537.36 - "/task/viewTasks" - 304 4.385(END)
Fri, 29 Mar 2019 08:27:42 GMT - GET - Mozilla/5.0 (Windows NT 6.1; Win64; x64) AppleWebKit/537.36 (KHTML, like Gecko) Chrome/73.0.3683.86 Safari/537.36 - "/task/viewTasks" - 304 4.328(END)
Fri, 29 Mar 2019 08:28:11 GMT - GET - Mozilla/5.0 (Windows NT 6.1; Win64; x64) AppleWebKit/537.36 (KHTML, like Gecko) Chrome/73.0.3683.86 Safari/537.36 - "/task/viewTasks" - 304 6.558(END)
Fri, 29 Mar 2019 08:28:26 GMT - GET - Mozilla/5.0 (Windows NT 6.1; Win64; x64) AppleWebKit/537.36 (KHTML, like Gecko) Chrome/73.0.3683.86 Safari/537.36 - "/task/viewTasks" - 304 4.249(END)
Fri, 29 Mar 2019 08:28:27 GMT - GET - Mozilla/5.0 (Windows NT 6.1; Win64; x64) AppleWebKit/537.36 (KHTML, like Gecko) Chrome/73.0.3683.86 Safari/537.36 - "/task/viewTasks" - 304 2.909(END)
Fri, 29 Mar 2019 08:28:27 GMT - GET - Mozilla/5.0 (Windows NT 6.1; Win64; x64) AppleWebKit/537.36 (KHTML, like Gecko) Chrome/73.0.3683.86 Safari/537.36 - "/task/viewTasks" - 304 3.216(END)
Fri, 29 Mar 2019 08:28:37 GMT - GET - Mozilla/5.0 (Windows NT 6.1; Win64; x64) AppleWebKit/537.36 (KHTML, like Gecko) Chrome/73.0.3683.86 Safari/537.36 - "/task/viewTasks" - 304 3.603(END)
Fri, 29 Mar 2019 08:28:37 GMT - GET - Mozilla/5.0 (Windows NT 6.1; Win64; x64) AppleWebKit/537.36 (KHTML, like Gecko) Chrome/73.0.3683.86 Safari/537.36 - "/task/viewTasks" - 304 3.710(END)
Fri, 29 Mar 2019 08:28:38 GMT - GET - Mozilla/5.0 (Windows NT 6.1; Win64; x64) AppleWebKit/537.36 (KHTML, like Gecko) Chrome/73.0.3683.86 Safari/537.36 - "/task/viewTasks" - 304 3.802(END)
Fri, 29 Mar 2019 08:29:02 GMT - GET - Mozilla/5.0 (Windows NT 6.1; Win64; x64) AppleWebKit/537.36 (KHTML, like Gecko) Chrome/73.0.3683.86 Safari/537.36 - "/task/viewTasks" - 304 4.389(END)
Fri, 29 Mar 2019 08:29:16 GMT - GET - Mozilla/5.0 (Windows NT 6.1; Win64; x64) AppleWebKit/537.36 (KHTML, like Gecko) Chrome/73.0.3683.86 Safari/537.36 - "/task/viewTasks" - 304 9.434(END)
Fri, 29 Mar 2019 08:29:17 GMT - GET - Mozilla/5.0 (Windows NT 6.1; Win64; x64) AppleWebKit/537.36 (KHTML, like Gecko) Chrome/73.0.3683.86 Safari/537.36 - "/task/viewTasks" - 304 3.123(END)
Fri, 29 Mar 2019 08:29:17 GMT - GET - Mozilla/5.0 (Windows NT 6.1; Win64; x64) AppleWebKit/537.36 (KHTML, like Gecko) Chrome/73.0.3683.86 Safari/537.36 - "/task/viewTasks" - 304 4.634(END)
Fri, 29 Mar 2019 08:29:29 GMT - GET - Mozilla/5.0 (Windows NT 6.1; Win64; x64) AppleWebKit/537.36 (KHTML, like Gecko) Chrome/73.0.3683.86 Safari/537.36 - "/task/viewTasks" - 304 2.920(END)
Fri, 29 Mar 2019 08:29:29 GMT - GET - Mozilla/5.0 (Windows NT 6.1; Win64; x64) AppleWebKit/537.36 (KHTML, like Gecko) Chrome/73.0.3683.86 Safari/537.36 - "/task/viewTasks" - 304 3.246(END)
Fri, 29 Mar 2019 08:29:29 GMT - GET - Mozilla/5.0 (Windows NT 6.1; Win64; x64) AppleWebKit/537.36 (KHTML, like Gecko) Chrome/73.0.3683.86 Safari/537.36 - "/task/viewTasks" - 304 4.603(END)
Fri, 29 Mar 2019 08:30:31 GMT - GET - Mozilla/5.0 (Windows NT 6.1; Win64; x64) AppleWebKit/537.36 (KHTML, like Gecko) Chrome/73.0.3683.86 Safari/537.36 - "/task/viewTasks" - 304 6.567(END)
Fri, 29 Mar 2019 08:30:32 GMT - GET - Mozilla/5.0 (Windows NT 6.1; Win64; x64) AppleWebKit/537.36 (KHTML, like Gecko) Chrome/73.0.3683.86 Safari/537.36 - "/task/viewTasks" - 304 6.951(END)
Fri, 29 Mar 2019 08:30:32 GMT - GET - Mozilla/5.0 (Windows NT 6.1; Win64; x64) AppleWebKit/537.36 (KHTML, like Gecko) Chrome/73.0.3683.86 Safari/537.36 - "/task/viewTasks" - 304 3.722(END)
Fri, 29 Mar 2019 08:31:04 GMT - GET - Mozilla/5.0 (Windows NT 6.1; Win64; x64) AppleWebKit/537.36 (KHTML, like Gecko) Chrome/73.0.3683.86 Safari/537.36 - "/task/viewTasks" - 304 3.527(END)
Fri, 29 Mar 2019 08:31:05 GMT - GET - Mozilla/5.0 (Windows NT 6.1; Win64; x64) AppleWebKit/537.36 (KHTML, like Gecko) Chrome/73.0.3683.86 Safari/537.36 - "/task/viewTasks" - 304 3.706(END)
Fri, 29 Mar 2019 08:31:05 GMT - GET - Mozilla/5.0 (Windows NT 6.1; Win64; x64) AppleWebKit/537.36 (KHTML, like Gecko) Chrome/73.0.3683.86 Safari/537.36 - "/task/viewTasks" - 304 4.136(END)
Fri, 29 Mar 2019 08:31:17 GMT - GET - Mozilla/5.0 (Windows NT 6.1; Win64; x64) AppleWebKit/537.36 (KHTML, like Gecko) Chrome/73.0.3683.86 Safari/537.36 - "/task/viewTasks" - 304 3.267(END)
Fri, 29 Mar 2019 08:31:17 GMT - GET - Mozilla/5.0 (Windows NT 6.1; Win64; x64) AppleWebKit/537.36 (KHTML, like Gecko) Chrome/73.0.3683.86 Safari/537.36 - "/task/viewTasks" - 304 3.386(END)
Fri, 29 Mar 2019 08:31:18 GMT - GET - Mozilla/5.0 (Windows NT 6.1; Win64; x64) AppleWebKit/537.36 (KHTML, like Gecko) Chrome/73.0.3683.86 Safari/537.36 - "/task/viewTasks" - 304 14.845(END)
Fri, 29 Mar 2019 08:31:33 GMT - GET - Mozilla/5.0 (Windows NT 6.1; Win64; x64) AppleWebKit/537.36 (KHTML, like Gecko) Chrome/73.0.3683.86 Safari/537.36 - "/task/viewTasks" - 304 3.637(END)
Fri, 29 Mar 2019 08:31:33 GMT - GET - Mozilla/5.0 (Windows NT 6.1; Win64; x64) AppleWebKit/537.36 (KHTML, like Gecko) Chrome/73.0.3683.86 Safari/537.36 - "/task/viewTasks" - 304 3.592(END)
Fri, 29 Mar 2019 08:31:33 GMT - GET - Mozilla/5.0 (Windows NT 6.1; Win64; x64) AppleWebKit/537.36 (KHTML, like Gecko) Chrome/73.0.3683.86 Safari/537.36 - "/task/viewTasks" - 304 3.889(END)
Fri, 29 Mar 2019 08:32:37 GMT - GET - Mozilla/5.0 (Windows NT 6.1; Win64; x64) AppleWebKit/537.36 (KHTML, like Gecko) Chrome/73.0.3683.86 Safari/537.36 - "/task/viewTasks" - 304 4.328(END)
Fri, 29 Mar 2019 08:32:38 GMT - GET - Mozilla/5.0 (Windows NT 6.1; Win64; x64) AppleWebKit/537.36 (KHTML, like Gecko) Chrome/73.0.3683.86 Safari/537.36 - "/task/viewTasks" - 304 4.306(END)
Fri, 29 Mar 2019 08:32:38 GMT - GET - Mozilla/5.0 (Windows NT 6.1; Win64; x64) AppleWebKit/537.36 (KHTML, like Gecko) Chrome/73.0.3683.86 Safari/537.36 - "/task/viewTasks" - 304 3.919(END)
Fri, 29 Mar 2019 08:33:53 GMT - GET - Mozilla/5.0 (Windows NT 6.1; Win64; x64) AppleWebKit/537.36 (KHTML, like Gecko) Chrome/73.0.3683.86 Safari/537.36 - "/task/viewTasks" - 304 5.183(END)
Fri, 29 Mar 2019 08:33:53 GMT - GET - Mozilla/5.0 (Windows NT 6.1; Win64; x64) AppleWebKit/537.36 (KHTML, like Gecko) Chrome/73.0.3683.86 Safari/537.36 - "/task/viewTasks" - 304 10.175(END)
Fri, 29 Mar 2019 08:33:53 GMT - GET - Mozilla/5.0 (Windows NT 6.1; Win64; x64) AppleWebKit/537.36 (KHTML, like Gecko) Chrome/73.0.3683.86 Safari/537.36 - "/task/viewTasks" - 304 3.011(END)
Fri, 29 Mar 2019 08:34:12 GMT - GET - Mozilla/5.0 (Windows NT 6.1; Win64; x64) AppleWebKit/537.36 (KHTML, like Gecko) Chrome/73.0.3683.86 Safari/537.36 - "/task/viewTasks" - 304 3.176(END)
Fri, 29 Mar 2019 08:34:13 GMT - GET - Mozilla/5.0 (Windows NT 6.1; Win64; x64) AppleWebKit/537.36 (KHTML, like Gecko) Chrome/73.0.3683.86 Safari/537.36 - "/task/viewTasks" - 304 3.536(END)
Fri, 29 Mar 2019 08:34:13 GMT - GET - Mozilla/5.0 (Windows NT 6.1; Win64; x64) AppleWebKit/537.36 (KHTML, like Gecko) Chrome/73.0.3683.86 Safari/537.36 - "/task/viewTasks" - 304 3.917(END)
Fri, 29 Mar 2019 08:34:45 GMT - GET - Mozilla/5.0 (Windows NT 6.1; Win64; x64) AppleWebKit/537.36 (KHTML, like Gecko) Chrome/73.0.3683.86 Safari/537.36 - "/task/viewTasks" - 304 6.914(END)
Fri, 29 Mar 2019 08:35:00 GMT - GET - Mozilla/5.0 (Windows NT 6.1; Win64; x64) AppleWebKit/537.36 (KHTML, like Gecko) Chrome/73.0.3683.86 Safari/537.36 - "/task/viewTasks" - 304 3.564(END)
Fri, 29 Mar 2019 08:35:00 GMT - GET - Mozilla/5.0 (Windows NT 6.1; Win64; x64) AppleWebKit/537.36 (KHTML, like Gecko) Chrome/73.0.3683.86 Safari/537.36 - "/task/viewTasks" - 304 3.610(END)
Fri, 29 Mar 2019 08:35:01 GMT - GET - Mozilla/5.0 (Windows NT 6.1; Win64; x64) AppleWebKit/537.36 (KHTML, like Gecko) Chrome/73.0.3683.86 Safari/537.36 - "/task/viewTasks" - 304 6.457(END)
Fri, 29 Mar 2019 08:35:09 GMT - GET - Mozilla/5.0 (Windows NT 6.1; Win64; x64) AppleWebKit/537.36 (KHTML, like Gecko) Chrome/73.0.3683.86 Safari/537.36 - "/task/viewTasks" - 304 3.824(END)
Fri, 29 Mar 2019 08:35:09 GMT - GET - Mozilla/5.0 (Windows NT 6.1; Win64; x64) AppleWebKit/537.36 (KHTML, like Gecko) Chrome/73.0.3683.86 Safari/537.36 - "/task/viewTasks" - 304 2.760(END)
Fri, 29 Mar 2019 08:35:10 GMT - GET - Mozilla/5.0 (Windows NT 6.1; Win64; x64) AppleWebKit/537.36 (KHTML, like Gecko) Chrome/73.0.3683.86 Safari/537.36 - "/task/viewTasks" - 304 3.841(END)
Fri, 29 Mar 2019 08:36:19 GMT - GET - Mozilla/5.0 (Windows NT 6.1; Win64; x64) AppleWebKit/537.36 (KHTML, like Gecko) Chrome/73.0.3683.86 Safari/537.36 - "/task/viewTasks" - 304 4.113(END)
Fri, 29 Mar 2019 08:36:31 GMT - GET - Mozilla/5.0 (Windows NT 6.1; Win64; x64) AppleWebKit/537.36 (KHTML, like Gecko) Chrome/73.0.3683.86 Safari/537.36 - "/task/viewTasks" - 304 3.703(END)
Fri, 29 Mar 2019 08:36:32 GMT - GET - Mozilla/5.0 (Windows NT 6.1; Win64; x64) AppleWebKit/537.36 (KHTML, like Gecko) Chrome/73.0.3683.86 Safari/537.36 - "/task/viewTasks" - 304 2.939(END)
Fri, 29 Mar 2019 08:36:32 GMT - GET - Mozilla/5.0 (Windows NT 6.1; Win64; x64) AppleWebKit/537.36 (KHTML, like Gecko) Chrome/73.0.3683.86 Safari/537.36 - "/task/viewTasks" - 304 4.796(END)
Fri, 29 Mar 2019 08:36:49 GMT - GET - Mozilla/5.0 (Windows NT 6.1; Win64; x64) AppleWebKit/537.36 (KHTML, like Gecko) Chrome/73.0.3683.86 Safari/537.36 - "/task/viewTasks" - 304 3.593(END)
Fri, 29 Mar 2019 08:36:50 GMT - GET - Mozilla/5.0 (Windows NT 6.1; Win64; x64) AppleWebKit/537.36 (KHTML, like Gecko) Chrome/73.0.3683.86 Safari/537.36 - "/task/viewTasks" - 304 3.590(END)
Fri, 29 Mar 2019 08:37:04 GMT - GET - Mozilla/5.0 (Windows NT 6.1; Win64; x64) AppleWebKit/537.36 (KHTML, like Gecko) Chrome/73.0.3683.86 Safari/537.36 - "/task/viewTasks" - 304 3.813(END)
Fri, 29 Mar 2019 08:37:05 GMT - GET - Mozilla/5.0 (Windows NT 6.1; Win64; x64) AppleWebKit/537.36 (KHTML, like Gecko) Chrome/73.0.3683.86 Safari/537.36 - "/task/viewTasks" - 304 3.744(END)
Fri, 29 Mar 2019 08:37:06 GMT - GET - Mozilla/5.0 (Windows NT 6.1; Win64; x64) AppleWebKit/537.36 (KHTML, like Gecko) Chrome/73.0.3683.86 Safari/537.36 - "/task/viewTasks" - 304 3.692(END)
Fri, 29 Mar 2019 08:41:09 GMT - GET - Mozilla/5.0 (Windows NT 6.1; Win64; x64) AppleWebKit/537.36 (KHTML, like Gecko) Chrome/73.0.3683.86 Safari/537.36 - "/task/viewTasks" - 304 4.594(END)
Fri, 29 Mar 2019 08:41:10 GMT - GET - Mozilla/5.0 (Windows NT 6.1; Win64; x64) AppleWebKit/537.36 (KHTML, like Gecko) Chrome/73.0.3683.86 Safari/537.36 - "/task/viewTasks" - 304 4.450(END)
Fri, 29 Mar 2019 08:41:10 GMT - GET - Mozilla/5.0 (Windows NT 6.1; Win64; x64) AppleWebKit/537.36 (KHTML, like Gecko) Chrome/73.0.3683.86 Safari/537.36 - "/task/viewTasks" - 304 4.584(END)
Fri, 29 Mar 2019 08:47:10 GMT - GET - Mozilla/5.0 (Windows NT 6.1; Win64; x64) AppleWebKit/537.36 (KHTML, like Gecko) Chrome/73.0.3683.86 Safari/537.36 - "/task/viewTasks" - 200 3.993(END)
Fri, 29 Mar 2019 08:47:11 GMT - GET - Mozilla/5.0 (Windows NT 6.1; Win64; x64) AppleWebKit/537.36 (KHTML, like Gecko) Chrome/73.0.3683.86 Safari/537.36 - "/task/viewTasks" - 304 4.816(END)
Fri, 29 Mar 2019 08:47:11 GMT - GET - Mozilla/5.0 (Windows NT 6.1; Win64; x64) AppleWebKit/537.36 (KHTML, like Gecko) Chrome/73.0.3683.86 Safari/537.36 - "/task/viewTasks" - 304 5.553(END)
Fri, 29 Mar 2019 08:48:17 GMT - GET - Mozilla/5.0 (Windows NT 6.1; Win64; x64) AppleWebKit/537.36 (KHTML, like Gecko) Chrome/73.0.3683.86 Safari/537.36 - "/task/viewTasks" - 304 3.263(END)
Fri, 29 Mar 2019 08:48:18 GMT - GET - Mozilla/5.0 (Windows NT 6.1; Win64; x64) AppleWebKit/537.36 (KHTML, like Gecko) Chrome/73.0.3683.86 Safari/537.36 - "/task/viewTasks" - 304 4.557(END)
Fri, 29 Mar 2019 08:48:18 GMT - GET - Mozilla/5.0 (Windows NT 6.1; Win64; x64) AppleWebKit/537.36 (KHTML, like Gecko) Chrome/73.0.3683.86 Safari/537.36 - "/task/viewTasks" - 304 3.191(END)
Fri, 29 Mar 2019 08:51:54 GMT - GET - Mozilla/5.0 (Windows NT 6.1; Win64; x64) AppleWebKit/537.36 (KHTML, like Gecko) Chrome/73.0.3683.86 Safari/537.36 - "/task/viewTasks" - 304 4.237(END)
Fri, 29 Mar 2019 08:51:54 GMT - GET - Mozilla/5.0 (Windows NT 6.1; Win64; x64) AppleWebKit/537.36 (KHTML, like Gecko) Chrome/73.0.3683.86 Safari/537.36 - "/task/viewTasks" - 304 3.726(END)
Fri, 29 Mar 2019 08:51:55 GMT - GET - Mozilla/5.0 (Windows NT 6.1; Win64; x64) AppleWebKit/537.36 (KHTML, like Gecko) Chrome/73.0.3683.86 Safari/537.36 - "/task/viewTasks" - 304 6.226(END)
Fri, 29 Mar 2019 08:52:07 GMT - GET - Mozilla/5.0 (Windows NT 6.1; Win64; x64) AppleWebKit/537.36 (KHTML, like Gecko) Chrome/73.0.3683.86 Safari/537.36 - "/task/viewTasks" - 304 25.881(END)
Fri, 29 Mar 2019 08:52:08 GMT - GET - Mozilla/5.0 (Windows NT 6.1; Win64; x64) AppleWebKit/537.36 (KHTML, like Gecko) Chrome/73.0.3683.86 Safari/537.36 - "/task/viewTasks" - 304 3.771(END)
Fri, 29 Mar 2019 08:52:08 GMT - GET - Mozilla/5.0 (Windows NT 6.1; Win64; x64) AppleWebKit/537.36 (KHTML, like Gecko) Chrome/73.0.3683.86 Safari/537.36 - "/task/viewTasks" - 304 2.923(END)
Fri, 29 Mar 2019 08:52:18 GMT - GET - Mozilla/5.0 (Windows NT 6.1; Win64; x64) AppleWebKit/537.36 (KHTML, like Gecko) Chrome/73.0.3683.86 Safari/537.36 - "/task/viewTasks" - 304 4.024(END)
Fri, 29 Mar 2019 08:52:18 GMT - GET - Mozilla/5.0 (Windows NT 6.1; Win64; x64) AppleWebKit/537.36 (KHTML, like Gecko) Chrome/73.0.3683.86 Safari/537.36 - "/task/viewTasks" - 304 2.756(END)
Fri, 29 Mar 2019 08:52:18 GMT - GET - Mozilla/5.0 (Windows NT 6.1; Win64; x64) AppleWebKit/537.36 (KHTML, like Gecko) Chrome/73.0.3683.86 Safari/537.36 - "/task/viewTasks" - 304 2.657(END)
Fri, 29 Mar 2019 08:52:48 GMT - GET - Mozilla/5.0 (Windows NT 6.1; Win64; x64) AppleWebKit/537.36 (KHTML, like Gecko) Chrome/73.0.3683.86 Safari/537.36 - "/task/viewTasks" - 304 12.649(END)
Fri, 29 Mar 2019 08:52:49 GMT - GET - Mozilla/5.0 (Windows NT 6.1; Win64; x64) AppleWebKit/537.36 (KHTML, like Gecko) Chrome/73.0.3683.86 Safari/537.36 - "/task/viewTasks" - 304 3.140(END)
Fri, 29 Mar 2019 08:52:49 GMT - GET - Mozilla/5.0 (Windows NT 6.1; Win64; x64) AppleWebKit/537.36 (KHTML, like Gecko) Chrome/73.0.3683.86 Safari/537.36 - "/task/viewTasks" - 304 2.761(END)
Fri, 29 Mar 2019 08:54:14 GMT - GET - Mozilla/5.0 (Windows NT 6.1; Win64; x64) AppleWebKit/537.36 (KHTML, like Gecko) Chrome/73.0.3683.86 Safari/537.36 - "/task/viewTasks" - 304 4.186(END)
Fri, 29 Mar 2019 08:54:14 GMT - GET - Mozilla/5.0 (Windows NT 6.1; Win64; x64) AppleWebKit/537.36 (KHTML, like Gecko) Chrome/73.0.3683.86 Safari/537.36 - "/task/viewTasks" - 304 3.664(END)
Fri, 29 Mar 2019 08:54:15 GMT - GET - Mozilla/5.0 (Windows NT 6.1; Win64; x64) AppleWebKit/537.36 (KHTML, like Gecko) Chrome/73.0.3683.86 Safari/537.36 - "/task/viewTasks" - 304 4.171(END)
Fri, 29 Mar 2019 08:55:17 GMT - GET - Mozilla/5.0 (Windows NT 6.1; Win64; x64) AppleWebKit/537.36 (KHTML, like Gecko) Chrome/73.0.3683.86 Safari/537.36 - "/task/viewTasks" - 304 4.650(END)
Fri, 29 Mar 2019 08:55:18 GMT - GET - Mozilla/5.0 (Windows NT 6.1; Win64; x64) AppleWebKit/537.36 (KHTML, like Gecko) Chrome/73.0.3683.86 Safari/537.36 - "/task/viewTasks" - 304 3.827(END)
Fri, 29 Mar 2019 08:55:18 GMT - GET - Mozilla/5.0 (Windows NT 6.1; Win64; x64) AppleWebKit/537.36 (KHTML, like Gecko) Chrome/73.0.3683.86 Safari/537.36 - "/task/viewTasks" - 304 3.463(END)
Fri, 29 Mar 2019 08:55:33 GMT - GET - Mozilla/5.0 (Windows NT 6.1; Win64; x64) AppleWebKit/537.36 (KHTML, like Gecko) Chrome/73.0.3683.86 Safari/537.36 - "/task/viewTasks" - 304 3.647(END)
Fri, 29 Mar 2019 08:55:44 GMT - GET - Mozilla/5.0 (Windows NT 6.1; Win64; x64) AppleWebKit/537.36 (KHTML, like Gecko) Chrome/73.0.3683.86 Safari/537.36 - "/task/viewTasks" - 304 4.411(END)
Fri, 29 Mar 2019 08:55:45 GMT - GET - Mozilla/5.0 (Windows NT 6.1; Win64; x64) AppleWebKit/537.36 (KHTML, like Gecko) Chrome/73.0.3683.86 Safari/537.36 - "/task/viewTasks" - 304 3.438(END)
Fri, 29 Mar 2019 08:55:45 GMT - GET - Mozilla/5.0 (Windows NT 6.1; Win64; x64) AppleWebKit/537.36 (KHTML, like Gecko) Chrome/73.0.3683.86 Safari/537.36 - "/task/viewTasks" - 304 9.035(END)
Fri, 29 Mar 2019 08:55:59 GMT - GET - Mozilla/5.0 (Windows NT 6.1; Win64; x64) AppleWebKit/537.36 (KHTML, like Gecko) Chrome/73.0.3683.86 Safari/537.36 - "/task/viewTasks" - 304 3.546(END)
Fri, 29 Mar 2019 08:56:00 GMT - GET - Mozilla/5.0 (Windows NT 6.1; Win64; x64) AppleWebKit/537.36 (KHTML, like Gecko) Chrome/73.0.3683.86 Safari/537.36 - "/task/viewTasks" - 304 2.960(END)
Fri, 29 Mar 2019 08:56:00 GMT - GET - Mozilla/5.0 (Windows NT 6.1; Win64; x64) AppleWebKit/537.36 (KHTML, like Gecko) Chrome/73.0.3683.86 Safari/537.36 - "/task/viewTasks" - 304 7.050(END)
Fri, 29 Mar 2019 08:56:10 GMT - GET - Mozilla/5.0 (Windows NT 6.1; Win64; x64) AppleWebKit/537.36 (KHTML, like Gecko) Chrome/73.0.3683.86 Safari/537.36 - "/task/viewTasks" - 304 6.401(END)
Fri, 29 Mar 2019 08:56:10 GMT - GET - Mozilla/5.0 (Windows NT 6.1; Win64; x64) AppleWebKit/537.36 (KHTML, like Gecko) Chrome/73.0.3683.86 Safari/537.36 - "/task/viewTasks" - 304 12.583(END)
Fri, 29 Mar 2019 08:56:10 GMT - GET - Mozilla/5.0 (Windows NT 6.1; Win64; x64) AppleWebKit/537.36 (KHTML, like Gecko) Chrome/73.0.3683.86 Safari/537.36 - "/task/viewTasks" - 304 3.906(END)
Fri, 29 Mar 2019 08:57:04 GMT - GET - Mozilla/5.0 (Windows NT 6.1; Win64; x64) AppleWebKit/537.36 (KHTML, like Gecko) Chrome/73.0.3683.86 Safari/537.36 - "/task/viewTasks" - 304 7.020(END)
Fri, 29 Mar 2019 08:57:04 GMT - GET - Mozilla/5.0 (Windows NT 6.1; Win64; x64) AppleWebKit/537.36 (KHTML, like Gecko) Chrome/73.0.3683.86 Safari/537.36 - "/task/viewTasks" - 304 2.842(END)
Fri, 29 Mar 2019 08:57:17 GMT - GET - Mozilla/5.0 (Windows NT 6.1; Win64; x64) AppleWebKit/537.36 (KHTML, like Gecko) Chrome/73.0.3683.86 Safari/537.36 - "/task/viewTasks" - 200 4.888(END)
Fri, 29 Mar 2019 08:57:17 GMT - GET - Mozilla/5.0 (Windows NT 6.1; Win64; x64) AppleWebKit/537.36 (KHTML, like Gecko) Chrome/73.0.3683.86 Safari/537.36 - "/task/viewTasks" - 304 8.183(END)
Fri, 29 Mar 2019 08:57:17 GMT - GET - Mozilla/5.0 (Windows NT 6.1; Win64; x64) AppleWebKit/537.36 (KHTML, like Gecko) Chrome/73.0.3683.86 Safari/537.36 - "/task/viewTasks" - 304 2.687(END)
Fri, 29 Mar 2019 08:57:33 GMT - GET - Mozilla/5.0 (Windows NT 6.1; Win64; x64) AppleWebKit/537.36 (KHTML, like Gecko) Chrome/73.0.3683.86 Safari/537.36 - "/task/viewTasks" - 304 2.766(END)
Fri, 29 Mar 2019 08:57:41 GMT - GET - Mozilla/5.0 (Windows NT 6.1; Win64; x64) AppleWebKit/537.36 (KHTML, like Gecko) Chrome/73.0.3683.86 Safari/537.36 - "/task/viewTasks" - 200 10.071(END)
Fri, 29 Mar 2019 08:57:42 GMT - GET - Mozilla/5.0 (Windows NT 6.1; Win64; x64) AppleWebKit/537.36 (KHTML, like Gecko) Chrome/73.0.3683.86 Safari/537.36 - "/task/viewTasks" - 304 3.738(END)
Fri, 29 Mar 2019 08:57:42 GMT - GET - Mozilla/5.0 (Windows NT 6.1; Win64; x64) AppleWebKit/537.36 (KHTML, like Gecko) Chrome/73.0.3683.86 Safari/537.36 - "/task/viewTasks" - 304 2.925(END)
Fri, 29 Mar 2019 08:58:16 GMT - GET - Mozilla/5.0 (Windows NT 6.1; Win64; x64) AppleWebKit/537.36 (KHTML, like Gecko) Chrome/73.0.3683.86 Safari/537.36 - "/task/viewTasks" - 304 4.451(END)
Fri, 29 Mar 2019 08:58:16 GMT - GET - Mozilla/5.0 (Windows NT 6.1; Win64; x64) AppleWebKit/537.36 (KHTML, like Gecko) Chrome/73.0.3683.86 Safari/537.36 - "/task/viewTasks" - 304 4.586(END)
Fri, 29 Mar 2019 08:58:16 GMT - GET - Mozilla/5.0 (Windows NT 6.1; Win64; x64) AppleWebKit/537.36 (KHTML, like Gecko) Chrome/73.0.3683.86 Safari/537.36 - "/task/viewTasks" - 304 4.174(END)
Fri, 29 Mar 2019 08:59:12 GMT - GET - Mozilla/5.0 (Windows NT 6.1; Win64; x64) AppleWebKit/537.36 (KHTML, like Gecko) Chrome/73.0.3683.86 Safari/537.36 - "/task/viewTasks" - 304 3.568(END)
Fri, 29 Mar 2019 08:59:12 GMT - GET - Mozilla/5.0 (Windows NT 6.1; Win64; x64) AppleWebKit/537.36 (KHTML, like Gecko) Chrome/73.0.3683.86 Safari/537.36 - "/task/viewTasks" - 304 5.319(END)
Fri, 29 Mar 2019 08:59:25 GMT - GET - Mozilla/5.0 (Windows NT 6.1; Win64; x64) AppleWebKit/537.36 (KHTML, like Gecko) Chrome/73.0.3683.86 Safari/537.36 - "/task/viewTasks" - 200 49.401(END)
Fri, 29 Mar 2019 08:59:25 GMT - GET - Mozilla/5.0 (Windows NT 6.1; Win64; x64) AppleWebKit/537.36 (KHTML, like Gecko) Chrome/73.0.3683.86 Safari/537.36 - "/task/viewTasks" - 304 4.026(END)
Fri, 29 Mar 2019 08:59:25 GMT - GET - Mozilla/5.0 (Windows NT 6.1; Win64; x64) AppleWebKit/537.36 (KHTML, like Gecko) Chrome/73.0.3683.86 Safari/537.36 - "/task/viewTasks" - 304 18.402(END)
Fri, 29 Mar 2019 08:59:45 GMT - GET - Mozilla/5.0 (Windows NT 6.1; Win64; x64) AppleWebKit/537.36 (KHTML, like Gecko) Chrome/73.0.3683.86 Safari/537.36 - "/task/viewTasks" - 304 3.960(END)
Fri, 29 Mar 2019 08:59:45 GMT - GET - Mozilla/5.0 (Windows NT 6.1; Win64; x64) AppleWebKit/537.36 (KHTML, like Gecko) Chrome/73.0.3683.86 Safari/537.36 - "/task/viewTasks" - 304 15.580(END)
Fri, 29 Mar 2019 08:59:46 GMT - GET - Mozilla/5.0 (Windows NT 6.1; Win64; x64) AppleWebKit/537.36 (KHTML, like Gecko) Chrome/73.0.3683.86 Safari/537.36 - "/task/viewTasks" - 304 2.970(END)
Fri, 29 Mar 2019 09:02:00 GMT - GET - Mozilla/5.0 (Windows NT 6.1; Win64; x64) AppleWebKit/537.36 (KHTML, like Gecko) Chrome/73.0.3683.86 Safari/537.36 - "/task/viewTasks" - 200 6.814(END)
Fri, 29 Mar 2019 09:02:00 GMT - GET - Mozilla/5.0 (Windows NT 6.1; Win64; x64) AppleWebKit/537.36 (KHTML, like Gecko) Chrome/73.0.3683.86 Safari/537.36 - "/task/viewTasks" - 304 2.786(END)
Fri, 29 Mar 2019 09:02:00 GMT - GET - Mozilla/5.0 (Windows NT 6.1; Win64; x64) AppleWebKit/537.36 (KHTML, like Gecko) Chrome/73.0.3683.86 Safari/537.36 - "/task/viewTasks" - 304 3.660(END)
Fri, 29 Mar 2019 09:02:19 GMT - GET - Mozilla/5.0 (Windows NT 6.1; Win64; x64) AppleWebKit/537.36 (KHTML, like Gecko) Chrome/73.0.3683.86 Safari/537.36 - "/task/viewTasks" - 304 3.552(END)
Fri, 29 Mar 2019 09:02:19 GMT - GET - Mozilla/5.0 (Windows NT 6.1; Win64; x64) AppleWebKit/537.36 (KHTML, like Gecko) Chrome/73.0.3683.86 Safari/537.36 - "/task/viewTasks" - 304 3.171(END)
Fri, 29 Mar 2019 09:02:20 GMT - GET - Mozilla/5.0 (Windows NT 6.1; Win64; x64) AppleWebKit/537.36 (KHTML, like Gecko) Chrome/73.0.3683.86 Safari/537.36 - "/task/viewTasks" - 304 5.099(END)
Fri, 29 Mar 2019 09:04:15 GMT - GET - Mozilla/5.0 (Windows NT 6.1; Win64; x64) AppleWebKit/537.36 (KHTML, like Gecko) Chrome/73.0.3683.86 Safari/537.36 - "/task/viewTasks" - 200 3.589(END)
Fri, 29 Mar 2019 09:04:15 GMT - GET - Mozilla/5.0 (Windows NT 6.1; Win64; x64) AppleWebKit/537.36 (KHTML, like Gecko) Chrome/73.0.3683.86 Safari/537.36 - "/task/viewTasks" - 304 2.781(END)
Fri, 29 Mar 2019 09:04:16 GMT - GET - Mozilla/5.0 (Windows NT 6.1; Win64; x64) AppleWebKit/537.36 (KHTML, like Gecko) Chrome/73.0.3683.86 Safari/537.36 - "/task/viewTasks" - 304 3.252(END)
Fri, 29 Mar 2019 09:05:31 GMT - GET - Mozilla/5.0 (Windows NT 6.1; Win64; x64) AppleWebKit/537.36 (KHTML, like Gecko) Chrome/73.0.3683.86 Safari/537.36 - "/task/viewTasks" - 304 4.028(END)
Fri, 29 Mar 2019 09:05:32 GMT - GET - Mozilla/5.0 (Windows NT 6.1; Win64; x64) AppleWebKit/537.36 (KHTML, like Gecko) Chrome/73.0.3683.86 Safari/537.36 - "/task/viewTasks" - 304 4.349(END)
Fri, 29 Mar 2019 09:05:32 GMT - GET - Mozilla/5.0 (Windows NT 6.1; Win64; x64) AppleWebKit/537.36 (KHTML, like Gecko) Chrome/73.0.3683.86 Safari/537.36 - "/task/viewTasks" - 304 3.477(END)
Fri, 29 Mar 2019 09:05:50 GMT - GET - Mozilla/5.0 (Windows NT 6.1; Win64; x64) AppleWebKit/537.36 (KHTML, like Gecko) Chrome/73.0.3683.86 Safari/537.36 - "/task/viewTasks" - 304 3.698(END)
Fri, 29 Mar 2019 09:05:50 GMT - GET - Mozilla/5.0 (Windows NT 6.1; Win64; x64) AppleWebKit/537.36 (KHTML, like Gecko) Chrome/73.0.3683.86 Safari/537.36 - "/task/viewTasks" - 304 3.883(END)
Fri, 29 Mar 2019 09:05:51 GMT - GET - Mozilla/5.0 (Windows NT 6.1; Win64; x64) AppleWebKit/537.36 (KHTML, like Gecko) Chrome/73.0.3683.86 Safari/537.36 - "/task/viewTasks" - 304 2.629(END)
Fri, 29 Mar 2019 09:07:09 GMT - GET - Mozilla/5.0 (Windows NT 6.1; Win64; x64) AppleWebKit/537.36 (KHTML, like Gecko) Chrome/73.0.3683.86 Safari/537.36 - "/task/viewTasks" - 304 3.797(END)
Fri, 29 Mar 2019 09:07:21 GMT - GET - Mozilla/5.0 (Windows NT 6.1; Win64; x64) AppleWebKit/537.36 (KHTML, like Gecko) Chrome/73.0.3683.86 Safari/537.36 - "/task/viewTasks" - 304 3.050(END)
Fri, 29 Mar 2019 09:07:21 GMT - GET - Mozilla/5.0 (Windows NT 6.1; Win64; x64) AppleWebKit/537.36 (KHTML, like Gecko) Chrome/73.0.3683.86 Safari/537.36 - "/task/viewTasks" - 304 3.035(END)
Fri, 29 Mar 2019 09:07:22 GMT - GET - Mozilla/5.0 (Windows NT 6.1; Win64; x64) AppleWebKit/537.36 (KHTML, like Gecko) Chrome/73.0.3683.86 Safari/537.36 - "/task/viewTasks" - 304 3.251(END)
Fri, 29 Mar 2019 09:07:34 GMT - GET - Mozilla/5.0 (Windows NT 6.1; Win64; x64) AppleWebKit/537.36 (KHTML, like Gecko) Chrome/73.0.3683.86 Safari/537.36 - "/task/viewTasks" - 304 3.806(END)
Fri, 29 Mar 2019 09:07:34 GMT - GET - Mozilla/5.0 (Windows NT 6.1; Win64; x64) AppleWebKit/537.36 (KHTML, like Gecko) Chrome/73.0.3683.86 Safari/537.36 - "/task/viewTasks" - 304 3.243(END)
Fri, 29 Mar 2019 09:07:35 GMT - GET - Mozilla/5.0 (Windows NT 6.1; Win64; x64) AppleWebKit/537.36 (KHTML, like Gecko) Chrome/73.0.3683.86 Safari/537.36 - "/task/viewTasks" - 304 6.840(END)
Fri, 29 Mar 2019 09:08:08 GMT - GET - Mozilla/5.0 (Windows NT 6.1; Win64; x64) AppleWebKit/537.36 (KHTML, like Gecko) Chrome/73.0.3683.86 Safari/537.36 - "/task/viewTasks" - 304 3.377(END)
Fri, 29 Mar 2019 09:08:09 GMT - GET - Mozilla/5.0 (Windows NT 6.1; Win64; x64) AppleWebKit/537.36 (KHTML, like Gecko) Chrome/73.0.3683.86 Safari/537.36 - "/task/viewTasks" - 304 6.889(END)
Fri, 29 Mar 2019 09:08:10 GMT - GET - Mozilla/5.0 (Windows NT 6.1; Win64; x64) AppleWebKit/537.36 (KHTML, like Gecko) Chrome/73.0.3683.86 Safari/537.36 - "/task/viewTasks" - 304 7.854(END)
Fri, 29 Mar 2019 09:08:21 GMT - GET - Mozilla/5.0 (Windows NT 6.1; Win64; x64) AppleWebKit/537.36 (KHTML, like Gecko) Chrome/73.0.3683.86 Safari/537.36 - "/task/viewTasks" - 304 2.718(END)
Fri, 29 Mar 2019 09:08:21 GMT - GET - Mozilla/5.0 (Windows NT 6.1; Win64; x64) AppleWebKit/537.36 (KHTML, like Gecko) Chrome/73.0.3683.86 Safari/537.36 - "/task/viewTasks" - 304 3.065(END)
Fri, 29 Mar 2019 09:08:22 GMT - GET - Mozilla/5.0 (Windows NT 6.1; Win64; x64) AppleWebKit/537.36 (KHTML, like Gecko) Chrome/73.0.3683.86 Safari/537.36 - "/task/viewTasks" - 304 2.714(END)
Fri, 29 Mar 2019 09:09:12 GMT - GET - Mozilla/5.0 (Windows NT 6.1; Win64; x64) AppleWebKit/537.36 (KHTML, like Gecko) Chrome/73.0.3683.86 Safari/537.36 - "/task/viewTasks" - 304 4.493(END)
Fri, 29 Mar 2019 09:09:12 GMT - GET - Mozilla/5.0 (Windows NT 6.1; Win64; x64) AppleWebKit/537.36 (KHTML, like Gecko) Chrome/73.0.3683.86 Safari/537.36 - "/task/viewTasks" - 304 3.669(END)
Fri, 29 Mar 2019 09:09:13 GMT - GET - Mozilla/5.0 (Windows NT 6.1; Win64; x64) AppleWebKit/537.36 (KHTML, like Gecko) Chrome/73.0.3683.86 Safari/537.36 - "/task/viewTasks" - 304 3.023(END)
Fri, 29 Mar 2019 09:09:27 GMT - GET - Mozilla/5.0 (Windows NT 6.1; Win64; x64) AppleWebKit/537.36 (KHTML, like Gecko) Chrome/73.0.3683.86 Safari/537.36 - "/task/viewTasks" - 304 3.522(END)
Fri, 29 Mar 2019 09:09:28 GMT - GET - Mozilla/5.0 (Windows NT 6.1; Win64; x64) AppleWebKit/537.36 (KHTML, like Gecko) Chrome/73.0.3683.86 Safari/537.36 - "/task/viewTasks" - 304 5.238(END)
Fri, 29 Mar 2019 09:09:28 GMT - GET - Mozilla/5.0 (Windows NT 6.1; Win64; x64) AppleWebKit/537.36 (KHTML, like Gecko) Chrome/73.0.3683.86 Safari/537.36 - "/task/viewTasks" - 304 3.451(END)
Fri, 29 Mar 2019 09:11:04 GMT - GET - Mozilla/5.0 (Windows NT 6.1; Win64; x64) AppleWebKit/537.36 (KHTML, like Gecko) Chrome/73.0.3683.86 Safari/537.36 - "/task/viewTasks" - 200 3.632(END)
Fri, 29 Mar 2019 09:11:04 GMT - GET - Mozilla/5.0 (Windows NT 6.1; Win64; x64) AppleWebKit/537.36 (KHTML, like Gecko) Chrome/73.0.3683.86 Safari/537.36 - "/task/viewTasks" - 304 9.042(END)
Fri, 29 Mar 2019 09:11:04 GMT - GET - Mozilla/5.0 (Windows NT 6.1; Win64; x64) AppleWebKit/537.36 (KHTML, like Gecko) Chrome/73.0.3683.86 Safari/537.36 - "/task/viewTasks" - 304 3.508(END)
Fri, 29 Mar 2019 09:14:03 GMT - GET - Mozilla/5.0 (Windows NT 6.1; Win64; x64) AppleWebKit/537.36 (KHTML, like Gecko) Chrome/73.0.3683.86 Safari/537.36 - "/task/viewTasks" - 304 3.863(END)
Fri, 29 Mar 2019 09:14:04 GMT - GET - Mozilla/5.0 (Windows NT 6.1; Win64; x64) AppleWebKit/537.36 (KHTML, like Gecko) Chrome/73.0.3683.86 Safari/537.36 - "/task/viewTasks" - 304 2.726(END)
Fri, 29 Mar 2019 09:14:05 GMT - GET - Mozilla/5.0 (Windows NT 6.1; Win64; x64) AppleWebKit/537.36 (KHTML, like Gecko) Chrome/73.0.3683.86 Safari/537.36 - "/task/viewTasks" - 304 3.558(END)
Fri, 29 Mar 2019 09:14:17 GMT - GET - Mozilla/5.0 (Windows NT 6.1; Win64; x64) AppleWebKit/537.36 (KHTML, like Gecko) Chrome/73.0.3683.86 Safari/537.36 - "/task/viewTasks" - 304 3.521(END)
Fri, 29 Mar 2019 09:14:17 GMT - GET - Mozilla/5.0 (Windows NT 6.1; Win64; x64) AppleWebKit/537.36 (KHTML, like Gecko) Chrome/73.0.3683.86 Safari/537.36 - "/task/viewTasks" - 304 3.087(END)
Fri, 29 Mar 2019 09:14:17 GMT - GET - Mozilla/5.0 (Windows NT 6.1; Win64; x64) AppleWebKit/537.36 (KHTML, like Gecko) Chrome/73.0.3683.86 Safari/537.36 - "/task/viewTasks" - 304 4.111(END)
Fri, 29 Mar 2019 09:15:11 GMT - GET - Mozilla/5.0 (Windows NT 6.1; Win64; x64) AppleWebKit/537.36 (KHTML, like Gecko) Chrome/73.0.3683.86 Safari/537.36 - "/task/viewTasks" - 304 4.692(END)
Fri, 29 Mar 2019 09:15:11 GMT - GET - Mozilla/5.0 (Windows NT 6.1; Win64; x64) AppleWebKit/537.36 (KHTML, like Gecko) Chrome/73.0.3683.86 Safari/537.36 - "/task/viewTasks" - 304 5.130(END)
Fri, 29 Mar 2019 09:15:12 GMT - GET - Mozilla/5.0 (Windows NT 6.1; Win64; x64) AppleWebKit/537.36 (KHTML, like Gecko) Chrome/73.0.3683.86 Safari/537.36 - "/task/viewTasks" - 304 2.729(END)
Fri, 29 Mar 2019 09:15:37 GMT - GET - Mozilla/5.0 (Windows NT 6.1; Win64; x64) AppleWebKit/537.36 (KHTML, like Gecko) Chrome/73.0.3683.86 Safari/537.36 - "/task/viewTasks" - 304 3.624(END)
Fri, 29 Mar 2019 09:15:37 GMT - GET - Mozilla/5.0 (Windows NT 6.1; Win64; x64) AppleWebKit/537.36 (KHTML, like Gecko) Chrome/73.0.3683.86 Safari/537.36 - "/task/viewTasks" - 304 4.524(END)
Fri, 29 Mar 2019 09:15:37 GMT - GET - Mozilla/5.0 (Windows NT 6.1; Win64; x64) AppleWebKit/537.36 (KHTML, like Gecko) Chrome/73.0.3683.86 Safari/537.36 - "/task/viewTasks" - 304 16.315(END)
Fri, 29 Mar 2019 09:15:49 GMT - GET - Mozilla/5.0 (Windows NT 6.1; Win64; x64) AppleWebKit/537.36 (KHTML, like Gecko) Chrome/73.0.3683.86 Safari/537.36 - "/task/viewTasks" - 304 25.464(END)
Fri, 29 Mar 2019 09:15:50 GMT - GET - Mozilla/5.0 (Windows NT 6.1; Win64; x64) AppleWebKit/537.36 (KHTML, like Gecko) Chrome/73.0.3683.86 Safari/537.36 - "/task/viewTasks" - 304 2.625(END)
Fri, 29 Mar 2019 09:15:50 GMT - GET - Mozilla/5.0 (Windows NT 6.1; Win64; x64) AppleWebKit/537.36 (KHTML, like Gecko) Chrome/73.0.3683.86 Safari/537.36 - "/task/viewTasks" - 304 2.905(END)
Fri, 29 Mar 2019 09:17:22 GMT - GET - Mozilla/5.0 (Windows NT 6.1; Win64; x64) AppleWebKit/537.36 (KHTML, like Gecko) Chrome/73.0.3683.86 Safari/537.36 - "/task/viewTasks" - 304 4.830(END)
Fri, 29 Mar 2019 09:17:23 GMT - GET - Mozilla/5.0 (Windows NT 6.1; Win64; x64) AppleWebKit/537.36 (KHTML, like Gecko) Chrome/73.0.3683.86 Safari/537.36 - "/task/viewTasks" - 304 19.305(END)
Fri, 29 Mar 2019 09:17:48 GMT - GET - Mozilla/5.0 (Windows NT 6.1; Win64; x64) AppleWebKit/537.36 (KHTML, like Gecko) Chrome/73.0.3683.86 Safari/537.36 - "/task/viewTasks" - 200 3.439(END)
Fri, 29 Mar 2019 09:17:48 GMT - GET - Mozilla/5.0 (Windows NT 6.1; Win64; x64) AppleWebKit/537.36 (KHTML, like Gecko) Chrome/73.0.3683.86 Safari/537.36 - "/task/viewTasks" - 304 3.312(END)
Fri, 29 Mar 2019 09:17:49 GMT - GET - Mozilla/5.0 (Windows NT 6.1; Win64; x64) AppleWebKit/537.36 (KHTML, like Gecko) Chrome/73.0.3683.86 Safari/537.36 - "/task/viewTasks" - 304 4.928(END)
Fri, 29 Mar 2019 09:18:35 GMT - GET - Mozilla/5.0 (Windows NT 6.1; Win64; x64) AppleWebKit/537.36 (KHTML, like Gecko) Chrome/73.0.3683.86 Safari/537.36 - "/task/viewTasks" - 304 4.030(END)
Fri, 29 Mar 2019 09:18:35 GMT - GET - Mozilla/5.0 (Windows NT 6.1; Win64; x64) AppleWebKit/537.36 (KHTML, like Gecko) Chrome/73.0.3683.86 Safari/537.36 - "/task/viewTasks" - 304 4.380(END)
Fri, 29 Mar 2019 09:18:35 GMT - GET - Mozilla/5.0 (Windows NT 6.1; Win64; x64) AppleWebKit/537.36 (KHTML, like Gecko) Chrome/73.0.3683.86 Safari/537.36 - "/task/viewTasks" - 304 2.990(END)
Fri, 29 Mar 2019 09:18:47 GMT - GET - Mozilla/5.0 (Windows NT 6.1; Win64; x64) AppleWebKit/537.36 (KHTML, like Gecko) Chrome/73.0.3683.86 Safari/537.36 - "/task/viewTasks" - 304 3.047(END)
Fri, 29 Mar 2019 09:18:47 GMT - GET - Mozilla/5.0 (Windows NT 6.1; Win64; x64) AppleWebKit/537.36 (KHTML, like Gecko) Chrome/73.0.3683.86 Safari/537.36 - "/task/viewTasks" - 304 2.891(END)
Fri, 29 Mar 2019 09:18:47 GMT - GET - Mozilla/5.0 (Windows NT 6.1; Win64; x64) AppleWebKit/537.36 (KHTML, like Gecko) Chrome/73.0.3683.86 Safari/537.36 - "/task/viewTasks" - 304 2.793(END)
Fri, 29 Mar 2019 09:19:08 GMT - GET - Mozilla/5.0 (Windows NT 6.1; Win64; x64) AppleWebKit/537.36 (KHTML, like Gecko) Chrome/73.0.3683.86 Safari/537.36 - "/task/viewTasks" - 304 3.425(END)
Fri, 29 Mar 2019 09:19:20 GMT - GET - Mozilla/5.0 (Windows NT 6.1; Win64; x64) AppleWebKit/537.36 (KHTML, like Gecko) Chrome/73.0.3683.86 Safari/537.36 - "/task/viewTasks" - 304 3.128(END)
Fri, 29 Mar 2019 09:19:20 GMT - GET - Mozilla/5.0 (Windows NT 6.1; Win64; x64) AppleWebKit/537.36 (KHTML, like Gecko) Chrome/73.0.3683.86 Safari/537.36 - "/task/viewTasks" - 304 4.841(END)
Fri, 29 Mar 2019 09:19:20 GMT - GET - Mozilla/5.0 (Windows NT 6.1; Win64; x64) AppleWebKit/537.36 (KHTML, like Gecko) Chrome/73.0.3683.86 Safari/537.36 - "/task/viewTasks" - 304 2.661(END)
Fri, 29 Mar 2019 09:26:39 GMT - GET - Mozilla/5.0 (Windows NT 6.1; Win64; x64) AppleWebKit/537.36 (KHTML, like Gecko) Chrome/73.0.3683.86 Safari/537.36 - "/task/viewTasks" - 304 4.399(END)
Fri, 29 Mar 2019 09:26:40 GMT - GET - Mozilla/5.0 (Windows NT 6.1; Win64; x64) AppleWebKit/537.36 (KHTML, like Gecko) Chrome/73.0.3683.86 Safari/537.36 - "/task/viewTasks" - 304 3.455(END)
Fri, 29 Mar 2019 09:26:40 GMT - GET - Mozilla/5.0 (Windows NT 6.1; Win64; x64) AppleWebKit/537.36 (KHTML, like Gecko) Chrome/73.0.3683.86 Safari/537.36 - "/task/viewTasks" - 304 2.848(END)
Fri, 29 Mar 2019 09:27:05 GMT - GET - Mozilla/5.0 (Windows NT 6.1; Win64; x64) AppleWebKit/537.36 (KHTML, like Gecko) Chrome/73.0.3683.86 Safari/537.36 - "/task/viewTasks" - 304 2.904(END)
Fri, 29 Mar 2019 09:27:06 GMT - GET - Mozilla/5.0 (Windows NT 6.1; Win64; x64) AppleWebKit/537.36 (KHTML, like Gecko) Chrome/73.0.3683.86 Safari/537.36 - "/task/viewTasks" - 304 7.329(END)
Fri, 29 Mar 2019 09:27:06 GMT - GET - Mozilla/5.0 (Windows NT 6.1; Win64; x64) AppleWebKit/537.36 (KHTML, like Gecko) Chrome/73.0.3683.86 Safari/537.36 - "/task/viewTasks" - 304 2.814(END)
Fri, 29 Mar 2019 09:27:23 GMT - GET - Mozilla/5.0 (Windows NT 6.1; Win64; x64) AppleWebKit/537.36 (KHTML, like Gecko) Chrome/73.0.3683.86 Safari/537.36 - "/task/viewTasks" - 304 7.689(END)
Fri, 29 Mar 2019 09:27:36 GMT - GET - Mozilla/5.0 (Windows NT 6.1; Win64; x64) AppleWebKit/537.36 (KHTML, like Gecko) Chrome/73.0.3683.86 Safari/537.36 - "/task/viewTasks" - 200 2.553(END)
Fri, 29 Mar 2019 09:27:37 GMT - GET - Mozilla/5.0 (Windows NT 6.1; Win64; x64) AppleWebKit/537.36 (KHTML, like Gecko) Chrome/73.0.3683.86 Safari/537.36 - "/task/viewTasks" - 304 3.466(END)
Fri, 29 Mar 2019 09:27:37 GMT - GET - Mozilla/5.0 (Windows NT 6.1; Win64; x64) AppleWebKit/537.36 (KHTML, like Gecko) Chrome/73.0.3683.86 Safari/537.36 - "/task/viewTasks" - 304 3.373(END)
Fri, 29 Mar 2019 09:27:52 GMT - GET - Mozilla/5.0 (Windows NT 6.1; Win64; x64) AppleWebKit/537.36 (KHTML, like Gecko) Chrome/73.0.3683.86 Safari/537.36 - "/task/viewTasks" - 304 4.020(END)
Fri, 29 Mar 2019 09:28:05 GMT - GET - Mozilla/5.0 (Windows NT 6.1; Win64; x64) AppleWebKit/537.36 (KHTML, like Gecko) Chrome/73.0.3683.86 Safari/537.36 - "/task/viewTasks" - 304 2.626(END)
Fri, 29 Mar 2019 09:28:05 GMT - GET - Mozilla/5.0 (Windows NT 6.1; Win64; x64) AppleWebKit/537.36 (KHTML, like Gecko) Chrome/73.0.3683.86 Safari/537.36 - "/task/viewTasks" - 304 2.900(END)
Fri, 29 Mar 2019 09:28:06 GMT - GET - Mozilla/5.0 (Windows NT 6.1; Win64; x64) AppleWebKit/537.36 (KHTML, like Gecko) Chrome/73.0.3683.86 Safari/537.36 - "/task/viewTasks" - 304 4.344(END)
Fri, 29 Mar 2019 09:29:15 GMT - GET - Mozilla/5.0 (Windows NT 6.1; Win64; x64) AppleWebKit/537.36 (KHTML, like Gecko) Chrome/73.0.3683.86 Safari/537.36 - "/task/viewTasks" - 304 3.069(END)
Fri, 29 Mar 2019 09:29:15 GMT - GET - Mozilla/5.0 (Windows NT 6.1; Win64; x64) AppleWebKit/537.36 (KHTML, like Gecko) Chrome/73.0.3683.86 Safari/537.36 - "/task/viewTasks" - 304 2.751(END)
Fri, 29 Mar 2019 09:29:15 GMT - GET - Mozilla/5.0 (Windows NT 6.1; Win64; x64) AppleWebKit/537.36 (KHTML, like Gecko) Chrome/73.0.3683.86 Safari/537.36 - "/task/viewTasks" - 304 3.119(END)
Fri, 29 Mar 2019 09:29:29 GMT - GET - Mozilla/5.0 (Windows NT 6.1; Win64; x64) AppleWebKit/537.36 (KHTML, like Gecko) Chrome/73.0.3683.86 Safari/537.36 - "/task/viewTasks" - 304 2.810(END)
Fri, 29 Mar 2019 09:29:29 GMT - GET - Mozilla/5.0 (Windows NT 6.1; Win64; x64) AppleWebKit/537.36 (KHTML, like Gecko) Chrome/73.0.3683.86 Safari/537.36 - "/task/viewTasks" - 304 3.223(END)
Fri, 29 Mar 2019 09:29:46 GMT - GET - Mozilla/5.0 (Windows NT 6.1; Win64; x64) AppleWebKit/537.36 (KHTML, like Gecko) Chrome/73.0.3683.86 Safari/537.36 - "/task/viewTasks" - 200 4.295(END)
Fri, 29 Mar 2019 09:29:46 GMT - GET - Mozilla/5.0 (Windows NT 6.1; Win64; x64) AppleWebKit/537.36 (KHTML, like Gecko) Chrome/73.0.3683.86 Safari/537.36 - "/task/viewTasks" - 304 3.000(END)
Fri, 29 Mar 2019 09:29:59 GMT - GET - Mozilla/5.0 (Windows NT 6.1; Win64; x64) AppleWebKit/537.36 (KHTML, like Gecko) Chrome/73.0.3683.86 Safari/537.36 - "/task/viewTasks" - 200 4.183(END)
Fri, 29 Mar 2019 09:29:59 GMT - GET - Mozilla/5.0 (Windows NT 6.1; Win64; x64) AppleWebKit/537.36 (KHTML, like Gecko) Chrome/73.0.3683.86 Safari/537.36 - "/task/viewTasks" - 304 4.138(END)
Fri, 29 Mar 2019 09:30:00 GMT - GET - Mozilla/5.0 (Windows NT 6.1; Win64; x64) AppleWebKit/537.36 (KHTML, like Gecko) Chrome/73.0.3683.86 Safari/537.36 - "/task/viewTasks" - 304 5.592(END)
Fri, 29 Mar 2019 09:31:15 GMT - GET - Mozilla/5.0 (Windows NT 6.1; Win64; x64) AppleWebKit/537.36 (KHTML, like Gecko) Chrome/73.0.3683.86 Safari/537.36 - "/task/viewTasks" - 304 3.686(END)
Fri, 29 Mar 2019 09:31:15 GMT - GET - Mozilla/5.0 (Windows NT 6.1; Win64; x64) AppleWebKit/537.36 (KHTML, like Gecko) Chrome/73.0.3683.86 Safari/537.36 - "/task/viewTasks" - 304 18.092(END)
Fri, 29 Mar 2019 09:31:16 GMT - GET - Mozilla/5.0 (Windows NT 6.1; Win64; x64) AppleWebKit/537.36 (KHTML, like Gecko) Chrome/73.0.3683.86 Safari/537.36 - "/task/viewTasks" - 304 2.889(END)
Fri, 29 Mar 2019 09:42:19 GMT - GET - Mozilla/5.0 (Windows NT 6.1; Win64; x64) AppleWebKit/537.36 (KHTML, like Gecko) Chrome/73.0.3683.86 Safari/537.36 - "/task/viewTasks" - 200 3.793(END)
Fri, 29 Mar 2019 09:42:19 GMT - GET - Mozilla/5.0 (Windows NT 6.1; Win64; x64) AppleWebKit/537.36 (KHTML, like Gecko) Chrome/73.0.3683.86 Safari/537.36 - "/task/viewTasks" - 304 3.375(END)
Fri, 29 Mar 2019 09:42:19 GMT - GET - Mozilla/5.0 (Windows NT 6.1; Win64; x64) AppleWebKit/537.36 (KHTML, like Gecko) Chrome/73.0.3683.86 Safari/537.36 - "/task/viewTasks" - 304 4.090(END)
Fri, 29 Mar 2019 09:42:32 GMT - GET - Mozilla/5.0 (Windows NT 6.1; Win64; x64) AppleWebKit/537.36 (KHTML, like Gecko) Chrome/73.0.3683.86 Safari/537.36 - "/task/viewTasks" - 304 2.633(END)
Fri, 29 Mar 2019 09:42:32 GMT - GET - Mozilla/5.0 (Windows NT 6.1; Win64; x64) AppleWebKit/537.36 (KHTML, like Gecko) Chrome/73.0.3683.86 Safari/537.36 - "/task/viewTasks" - 304 6.468(END)
Fri, 29 Mar 2019 09:42:33 GMT - GET - Mozilla/5.0 (Windows NT 6.1; Win64; x64) AppleWebKit/537.36 (KHTML, like Gecko) Chrome/73.0.3683.86 Safari/537.36 - "/task/viewTasks" - 304 21.719(END)
Fri, 29 Mar 2019 12:39:27 GMT - GET - Mozilla/5.0 (Windows NT 6.1; Win64; x64) AppleWebKit/537.36 (KHTML, like Gecko) Chrome/73.0.3683.86 Safari/537.36 - "/task/viewTasks" - 304 3.805(END)
Fri, 29 Mar 2019 12:39:28 GMT - GET - Mozilla/5.0 (Windows NT 6.1; Win64; x64) AppleWebKit/537.36 (KHTML, like Gecko) Chrome/73.0.3683.86 Safari/537.36 - "/task/viewTasks" - 304 3.549(END)
Fri, 29 Mar 2019 12:39:28 GMT - GET - Mozilla/5.0 (Windows NT 6.1; Win64; x64) AppleWebKit/537.36 (KHTML, like Gecko) Chrome/73.0.3683.86 Safari/537.36 - "/task/viewTasks" - 304 3.536(END)
Fri, 29 Mar 2019 12:40:37 GMT - GET - Mozilla/5.0 (Windows NT 6.1; Win64; x64) AppleWebKit/537.36 (KHTML, like Gecko) Chrome/73.0.3683.86 Safari/537.36 - "/task/viewTasks" - 304 3.327(END)
Fri, 29 Mar 2019 12:40:37 GMT - GET - Mozilla/5.0 (Windows NT 6.1; Win64; x64) AppleWebKit/537.36 (KHTML, like Gecko) Chrome/73.0.3683.86 Safari/537.36 - "/task/viewTasks" - 304 3.016(END)
Fri, 29 Mar 2019 12:40:39 GMT - GET - Mozilla/5.0 (Windows NT 6.1; Win64; x64) AppleWebKit/537.36 (KHTML, like Gecko) Chrome/73.0.3683.86 Safari/537.36 - "/task/viewTasks" - 304 3.876(END)
Fri, 29 Mar 2019 12:42:28 GMT - GET - Mozilla/5.0 (Windows NT 6.1; Win64; x64) AppleWebKit/537.36 (KHTML, like Gecko) Chrome/73.0.3683.86 Safari/537.36 - "/task/viewTasks" - 304 4.587(END)
Fri, 29 Mar 2019 12:42:28 GMT - GET - Mozilla/5.0 (Windows NT 6.1; Win64; x64) AppleWebKit/537.36 (KHTML, like Gecko) Chrome/73.0.3683.86 Safari/537.36 - "/task/viewTasks" - 304 2.435(END)
Fri, 29 Mar 2019 12:42:28 GMT - GET - Mozilla/5.0 (Windows NT 6.1; Win64; x64) AppleWebKit/537.36 (KHTML, like Gecko) Chrome/73.0.3683.86 Safari/537.36 - "/task/viewTasks" - 304 4.367(END)
Fri, 29 Mar 2019 12:42:44 GMT - GET - Mozilla/5.0 (Windows NT 6.1; Win64; x64) AppleWebKit/537.36 (KHTML, like Gecko) Chrome/73.0.3683.86 Safari/537.36 - "/task/viewTasks" - 304 3.813(END)
Fri, 29 Mar 2019 12:42:45 GMT - GET - Mozilla/5.0 (Windows NT 6.1; Win64; x64) AppleWebKit/537.36 (KHTML, like Gecko) Chrome/73.0.3683.86 Safari/537.36 - "/task/viewTasks" - 304 2.906(END)
Fri, 29 Mar 2019 12:42:45 GMT - GET - Mozilla/5.0 (Windows NT 6.1; Win64; x64) AppleWebKit/537.36 (KHTML, like Gecko) Chrome/73.0.3683.86 Safari/537.36 - "/task/viewTasks" - 304 3.159(END)
Fri, 29 Mar 2019 12:43:36 GMT - GET - Mozilla/5.0 (Windows NT 6.1; Win64; x64) AppleWebKit/537.36 (KHTML, like Gecko) Chrome/73.0.3683.86 Safari/537.36 - "/task/viewTasks" - 304 3.816(END)
Fri, 29 Mar 2019 12:43:46 GMT - GET - Mozilla/5.0 (Windows NT 6.1; Win64; x64) AppleWebKit/537.36 (KHTML, like Gecko) Chrome/73.0.3683.86 Safari/537.36 - "/task/viewTasks" - 304 3.087(END)
Fri, 29 Mar 2019 12:43:46 GMT - GET - Mozilla/5.0 (Windows NT 6.1; Win64; x64) AppleWebKit/537.36 (KHTML, like Gecko) Chrome/73.0.3683.86 Safari/537.36 - "/task/viewTasks" - 304 3.802(END)
Fri, 29 Mar 2019 12:43:47 GMT - GET - Mozilla/5.0 (Windows NT 6.1; Win64; x64) AppleWebKit/537.36 (KHTML, like Gecko) Chrome/73.0.3683.86 Safari/537.36 - "/task/viewTasks" - 304 3.418(END)
Fri, 29 Mar 2019 12:44:21 GMT - GET - Mozilla/5.0 (Windows NT 6.1; Win64; x64) AppleWebKit/537.36 (KHTML, like Gecko) Chrome/73.0.3683.86 Safari/537.36 - "/task/viewTasks" - 304 3.053(END)
Fri, 29 Mar 2019 12:44:21 GMT - GET - Mozilla/5.0 (Windows NT 6.1; Win64; x64) AppleWebKit/537.36 (KHTML, like Gecko) Chrome/73.0.3683.86 Safari/537.36 - "/task/viewTasks" - 304 3.063(END)
Fri, 29 Mar 2019 12:44:34 GMT - GET - Mozilla/5.0 (Windows NT 6.1; Win64; x64) AppleWebKit/537.36 (KHTML, like Gecko) Chrome/73.0.3683.86 Safari/537.36 - "/task/viewTasks" - 304 3.889(END)
Fri, 29 Mar 2019 12:44:34 GMT - GET - Mozilla/5.0 (Windows NT 6.1; Win64; x64) AppleWebKit/537.36 (KHTML, like Gecko) Chrome/73.0.3683.86 Safari/537.36 - "/task/viewTasks" - 304 3.076(END)
Fri, 29 Mar 2019 12:44:34 GMT - GET - Mozilla/5.0 (Windows NT 6.1; Win64; x64) AppleWebKit/537.36 (KHTML, like Gecko) Chrome/73.0.3683.86 Safari/537.36 - "/task/viewTasks" - 304 2.930(END)
Fri, 29 Mar 2019 12:50:23 GMT - GET - Mozilla/5.0 (Windows NT 6.1; Win64; x64) AppleWebKit/537.36 (KHTML, like Gecko) Chrome/73.0.3683.86 Safari/537.36 - "/task/viewTasks" - 200 4.248(END)
Fri, 29 Mar 2019 12:50:40 GMT - GET - Mozilla/5.0 (Windows NT 6.1; Win64; x64) AppleWebKit/537.36 (KHTML, like Gecko) Chrome/73.0.3683.86 Safari/537.36 - "/task/viewTasks" - 304 3.997(END)
Fri, 29 Mar 2019 12:50:41 GMT - GET - Mozilla/5.0 (Windows NT 6.1; Win64; x64) AppleWebKit/537.36 (KHTML, like Gecko) Chrome/73.0.3683.86 Safari/537.36 - "/task/viewTasks" - 304 2.721(END)
Fri, 29 Mar 2019 12:50:41 GMT - GET - Mozilla/5.0 (Windows NT 6.1; Win64; x64) AppleWebKit/537.36 (KHTML, like Gecko) Chrome/73.0.3683.86 Safari/537.36 - "/task/viewTasks" - 304 2.369(END)
Fri, 29 Mar 2019 12:50:59 GMT - GET - Mozilla/5.0 (Windows NT 6.1; Win64; x64) AppleWebKit/537.36 (KHTML, like Gecko) Chrome/73.0.3683.86 Safari/537.36 - "/task/viewTasks" - 304 5.735(END)
Fri, 29 Mar 2019 12:50:59 GMT - GET - Mozilla/5.0 (Windows NT 6.1; Win64; x64) AppleWebKit/537.36 (KHTML, like Gecko) Chrome/73.0.3683.86 Safari/537.36 - "/task/viewTasks" - 304 2.677(END)
Fri, 29 Mar 2019 12:50:59 GMT - GET - Mozilla/5.0 (Windows NT 6.1; Win64; x64) AppleWebKit/537.36 (KHTML, like Gecko) Chrome/73.0.3683.86 Safari/537.36 - "/task/viewTasks" - 304 2.997(END)
Fri, 29 Mar 2019 12:51:11 GMT - GET - Mozilla/5.0 (Windows NT 6.1; Win64; x64) AppleWebKit/537.36 (KHTML, like Gecko) Chrome/73.0.3683.86 Safari/537.36 - "/task/viewTasks" - 304 5.440(END)
Fri, 29 Mar 2019 12:51:12 GMT - GET - Mozilla/5.0 (Windows NT 6.1; Win64; x64) AppleWebKit/537.36 (KHTML, like Gecko) Chrome/73.0.3683.86 Safari/537.36 - "/task/viewTasks" - 304 2.493(END)
Fri, 29 Mar 2019 12:51:12 GMT - GET - Mozilla/5.0 (Windows NT 6.1; Win64; x64) AppleWebKit/537.36 (KHTML, like Gecko) Chrome/73.0.3683.86 Safari/537.36 - "/task/viewTasks" - 304 2.704(END)
Fri, 29 Mar 2019 13:00:12 GMT - GET - Mozilla/5.0 (Windows NT 6.1; Win64; x64) AppleWebKit/537.36 (KHTML, like Gecko) Chrome/73.0.3683.86 Safari/537.36 - "/task/viewTasks" - 200 3.409(END)
Fri, 29 Mar 2019 13:00:12 GMT - GET - Mozilla/5.0 (Windows NT 6.1; Win64; x64) AppleWebKit/537.36 (KHTML, like Gecko) Chrome/73.0.3683.86 Safari/537.36 - "/task/viewTasks" - 304 3.334(END)
Fri, 29 Mar 2019 13:00:13 GMT - GET - Mozilla/5.0 (Windows NT 6.1; Win64; x64) AppleWebKit/537.36 (KHTML, like Gecko) Chrome/73.0.3683.86 Safari/537.36 - "/task/viewTasks" - 304 2.963(END)
Fri, 29 Mar 2019 13:12:09 GMT - GET - Mozilla/5.0 (Windows NT 6.1; Win64; x64) AppleWebKit/537.36 (KHTML, like Gecko) Chrome/73.0.3683.86 Safari/537.36 - "/task/viewTasks" - 304 3.382(END)
Fri, 29 Mar 2019 13:12:09 GMT - GET - Mozilla/5.0 (Windows NT 6.1; Win64; x64) AppleWebKit/537.36 (KHTML, like Gecko) Chrome/73.0.3683.86 Safari/537.36 - "/task/viewTasks" - 304 6.390(END)
Fri, 29 Mar 2019 13:12:09 GMT - GET - Mozilla/5.0 (Windows NT 6.1; Win64; x64) AppleWebKit/537.36 (KHTML, like Gecko) Chrome/73.0.3683.86 Safari/537.36 - "/task/viewTasks" - 304 5.656(END)
Fri, 29 Mar 2019 13:15:32 GMT - GET - Mozilla/5.0 (Windows NT 6.1; Win64; x64) AppleWebKit/537.36 (KHTML, like Gecko) Chrome/73.0.3683.86 Safari/537.36 - "/task/viewTasks" - 200 3.631(END)
Fri, 29 Mar 2019 13:15:33 GMT - GET - Mozilla/5.0 (Windows NT 6.1; Win64; x64) AppleWebKit/537.36 (KHTML, like Gecko) Chrome/73.0.3683.86 Safari/537.36 - "/task/viewTasks" - 304 2.823(END)
Fri, 29 Mar 2019 13:15:33 GMT - GET - Mozilla/5.0 (Windows NT 6.1; Win64; x64) AppleWebKit/537.36 (KHTML, like Gecko) Chrome/73.0.3683.86 Safari/537.36 - "/task/viewTasks" - 304 3.079(END)
Fri, 29 Mar 2019 13:24:09 GMT - GET - Mozilla/5.0 (Windows NT 6.1; Win64; x64) AppleWebKit/537.36 (KHTML, like Gecko) Chrome/73.0.3683.86 Safari/537.36 - "/task/viewTasks" - 200 3.628(END)
Fri, 29 Mar 2019 13:24:10 GMT - GET - Mozilla/5.0 (Windows NT 6.1; Win64; x64) AppleWebKit/537.36 (KHTML, like Gecko) Chrome/73.0.3683.86 Safari/537.36 - "/task/viewTasks" - 304 3.935(END)
Fri, 29 Mar 2019 13:24:10 GMT - GET - Mozilla/5.0 (Windows NT 6.1; Win64; x64) AppleWebKit/537.36 (KHTML, like Gecko) Chrome/73.0.3683.86 Safari/537.36 - "/task/viewTasks" - 304 3.094(END)
Fri, 29 Mar 2019 13:30:04 GMT - GET - Mozilla/5.0 (Windows NT 6.1; Win64; x64) AppleWebKit/537.36 (KHTML, like Gecko) Chrome/73.0.3683.86 Safari/537.36 - "/task/viewTasks" - 304 3.502(END)
Fri, 29 Mar 2019 13:30:04 GMT - GET - Mozilla/5.0 (Windows NT 6.1; Win64; x64) AppleWebKit/537.36 (KHTML, like Gecko) Chrome/73.0.3683.86 Safari/537.36 - "/task/viewTasks" - 304 6.131(END)
Fri, 29 Mar 2019 13:30:05 GMT - GET - Mozilla/5.0 (Windows NT 6.1; Win64; x64) AppleWebKit/537.36 (KHTML, like Gecko) Chrome/73.0.3683.86 Safari/537.36 - "/task/viewTasks" - 304 19.989(END)
Fri, 29 Mar 2019 13:55:30 GMT - GET - Mozilla/5.0 (Windows NT 6.1; Win64; x64) AppleWebKit/537.36 (KHTML, like Gecko) Chrome/73.0.3683.86 Safari/537.36 - "/task/viewTasks" - 200 3.663(END)
Fri, 29 Mar 2019 13:55:31 GMT - GET - Mozilla/5.0 (Windows NT 6.1; Win64; x64) AppleWebKit/537.36 (KHTML, like Gecko) Chrome/73.0.3683.86 Safari/537.36 - "/task/viewTasks" - 304 5.347(END)
Fri, 29 Mar 2019 13:55:31 GMT - GET - Mozilla/5.0 (Windows NT 6.1; Win64; x64) AppleWebKit/537.36 (KHTML, like Gecko) Chrome/73.0.3683.86 Safari/537.36 - "/task/viewTasks" - 304 6.517(END)
Fri, 29 Mar 2019 14:02:40 GMT - GET - Mozilla/5.0 (Windows NT 6.1; Win64; x64) AppleWebKit/537.36 (KHTML, like Gecko) Chrome/73.0.3683.86 Safari/537.36 - "/task/viewTasks" - 200 12.013(END)
Fri, 29 Mar 2019 14:02:40 GMT - GET - Mozilla/5.0 (Windows NT 6.1; Win64; x64) AppleWebKit/537.36 (KHTML, like Gecko) Chrome/73.0.3683.86 Safari/537.36 - "/task/viewTasks" - 304 5.816(END)
Fri, 29 Mar 2019 14:02:40 GMT - GET - Mozilla/5.0 (Windows NT 6.1; Win64; x64) AppleWebKit/537.36 (KHTML, like Gecko) Chrome/73.0.3683.86 Safari/537.36 - "/task/viewTasks" - 304 11.431(END)
Fri, 29 Mar 2019 14:05:58 GMT - GET - Mozilla/5.0 (Windows NT 6.1; Win64; x64) AppleWebKit/537.36 (KHTML, like Gecko) Chrome/73.0.3683.86 Safari/537.36 - "/task/viewTasks" - 200 3.908(END)
Fri, 29 Mar 2019 14:05:58 GMT - GET - Mozilla/5.0 (Windows NT 6.1; Win64; x64) AppleWebKit/537.36 (KHTML, like Gecko) Chrome/73.0.3683.86 Safari/537.36 - "/task/viewTasks" - 304 14.256(END)
Fri, 29 Mar 2019 14:05:58 GMT - GET - Mozilla/5.0 (Windows NT 6.1; Win64; x64) AppleWebKit/537.36 (KHTML, like Gecko) Chrome/73.0.3683.86 Safari/537.36 - "/task/viewTasks" - 304 15.539(END)
Fri, 29 Mar 2019 14:08:18 GMT - GET - Mozilla/5.0 (Windows NT 6.1; Win64; x64) AppleWebKit/537.36 (KHTML, like Gecko) Chrome/73.0.3683.86 Safari/537.36 - "/task/viewTasks" - 304 9.660(END)
Fri, 29 Mar 2019 14:08:30 GMT - GET - Mozilla/5.0 (Windows NT 6.1; Win64; x64) AppleWebKit/537.36 (KHTML, like Gecko) Chrome/73.0.3683.86 Safari/537.36 - "/task/viewTasks" - 304 8.366(END)
Fri, 29 Mar 2019 14:08:30 GMT - GET - Mozilla/5.0 (Windows NT 6.1; Win64; x64) AppleWebKit/537.36 (KHTML, like Gecko) Chrome/73.0.3683.86 Safari/537.36 - "/task/viewTasks" - 304 3.443(END)
Fri, 29 Mar 2019 14:08:30 GMT - GET - Mozilla/5.0 (Windows NT 6.1; Win64; x64) AppleWebKit/537.36 (KHTML, like Gecko) Chrome/73.0.3683.86 Safari/537.36 - "/task/viewTasks" - 304 6.626(END)
Fri, 29 Mar 2019 14:09:15 GMT - GET - Mozilla/5.0 (Windows NT 6.1; Win64; x64) AppleWebKit/537.36 (KHTML, like Gecko) Chrome/73.0.3683.86 Safari/537.36 - "/task/viewTasks" - 304 3.689(END)
Fri, 29 Mar 2019 14:09:23 GMT - GET - Mozilla/5.0 (Windows NT 6.1; Win64; x64) AppleWebKit/537.36 (KHTML, like Gecko) Chrome/73.0.3683.86 Safari/537.36 - "/task/viewTasks" - 304 8.390(END)
Fri, 29 Mar 2019 14:09:23 GMT - GET - Mozilla/5.0 (Windows NT 6.1; Win64; x64) AppleWebKit/537.36 (KHTML, like Gecko) Chrome/73.0.3683.86 Safari/537.36 - "/task/viewTasks" - 304 3.007(END)
Fri, 29 Mar 2019 14:09:24 GMT - GET - Mozilla/5.0 (Windows NT 6.1; Win64; x64) AppleWebKit/537.36 (KHTML, like Gecko) Chrome/73.0.3683.86 Safari/537.36 - "/task/viewTasks" - 304 3.087(END)
Fri, 29 Mar 2019 14:11:58 GMT - GET - Mozilla/5.0 (Windows NT 6.1; Win64; x64) AppleWebKit/537.36 (KHTML, like Gecko) Chrome/73.0.3683.86 Safari/537.36 - "/task/viewTasks" - 200 7.280(END)
Fri, 29 Mar 2019 14:11:58 GMT - GET - Mozilla/5.0 (Windows NT 6.1; Win64; x64) AppleWebKit/537.36 (KHTML, like Gecko) Chrome/73.0.3683.86 Safari/537.36 - "/task/viewTasks" - 304 5.105(END)
Fri, 29 Mar 2019 14:11:58 GMT - GET - Mozilla/5.0 (Windows NT 6.1; Win64; x64) AppleWebKit/537.36 (KHTML, like Gecko) Chrome/73.0.3683.86 Safari/537.36 - "/task/viewTasks" - 304 4.041(END)
Fri, 29 Mar 2019 14:12:18 GMT - GET - Mozilla/5.0 (Windows NT 6.1; Win64; x64) AppleWebKit/537.36 (KHTML, like Gecko) Chrome/73.0.3683.86 Safari/537.36 - "/task/viewTasks" - 304 10.214(END)
Fri, 29 Mar 2019 14:12:19 GMT - GET - Mozilla/5.0 (Windows NT 6.1; Win64; x64) AppleWebKit/537.36 (KHTML, like Gecko) Chrome/73.0.3683.86 Safari/537.36 - "/task/viewTasks" - 304 2.543(END)
Fri, 29 Mar 2019 14:12:19 GMT - GET - Mozilla/5.0 (Windows NT 6.1; Win64; x64) AppleWebKit/537.36 (KHTML, like Gecko) Chrome/73.0.3683.86 Safari/537.36 - "/task/viewTasks" - 304 2.780(END)
Fri, 29 Mar 2019 14:12:32 GMT - GET - Mozilla/5.0 (Windows NT 6.1; Win64; x64) AppleWebKit/537.36 (KHTML, like Gecko) Chrome/73.0.3683.86 Safari/537.36 - "/task/viewTasks" - 304 13.138(END)
Fri, 29 Mar 2019 14:12:33 GMT - GET - Mozilla/5.0 (Windows NT 6.1; Win64; x64) AppleWebKit/537.36 (KHTML, like Gecko) Chrome/73.0.3683.86 Safari/537.36 - "/task/viewTasks" - 304 12.442(END)
Fri, 29 Mar 2019 14:12:33 GMT - GET - Mozilla/5.0 (Windows NT 6.1; Win64; x64) AppleWebKit/537.36 (KHTML, like Gecko) Chrome/73.0.3683.86 Safari/537.36 - "/task/viewTasks" - 304 9.749(END)
Fri, 29 Mar 2019 14:12:50 GMT - GET - Mozilla/5.0 (Windows NT 6.1; Win64; x64) AppleWebKit/537.36 (KHTML, like Gecko) Chrome/73.0.3683.86 Safari/537.36 - "/task/viewTasks" - 304 12.881(END)
Fri, 29 Mar 2019 14:12:50 GMT - GET - Mozilla/5.0 (Windows NT 6.1; Win64; x64) AppleWebKit/537.36 (KHTML, like Gecko) Chrome/73.0.3683.86 Safari/537.36 - "/task/viewTasks" - 304 20.852(END)
Fri, 29 Mar 2019 14:12:51 GMT - GET - Mozilla/5.0 (Windows NT 6.1; Win64; x64) AppleWebKit/537.36 (KHTML, like Gecko) Chrome/73.0.3683.86 Safari/537.36 - "/task/viewTasks" - 304 3.276(END)
Fri, 29 Mar 2019 14:13:04 GMT - GET - Mozilla/5.0 (Windows NT 6.1; Win64; x64) AppleWebKit/537.36 (KHTML, like Gecko) Chrome/73.0.3683.86 Safari/537.36 - "/task/viewTasks" - 304 6.306(END)
Fri, 29 Mar 2019 14:13:05 GMT - GET - Mozilla/5.0 (Windows NT 6.1; Win64; x64) AppleWebKit/537.36 (KHTML, like Gecko) Chrome/73.0.3683.86 Safari/537.36 - "/task/viewTasks" - 304 6.805(END)
Fri, 29 Mar 2019 14:13:05 GMT - GET - Mozilla/5.0 (Windows NT 6.1; Win64; x64) AppleWebKit/537.36 (KHTML, like Gecko) Chrome/73.0.3683.86 Safari/537.36 - "/task/viewTasks" - 304 5.226(END)
Fri, 29 Mar 2019 14:13:26 GMT - GET - Mozilla/5.0 (Windows NT 6.1; Win64; x64) AppleWebKit/537.36 (KHTML, like Gecko) Chrome/73.0.3683.86 Safari/537.36 - "/task/viewTasks" - 304 4.882(END)
Fri, 29 Mar 2019 14:13:36 GMT - GET - Mozilla/5.0 (Windows NT 6.1; Win64; x64) AppleWebKit/537.36 (KHTML, like Gecko) Chrome/73.0.3683.86 Safari/537.36 - "/task/viewTasks" - 304 4.148(END)
Fri, 29 Mar 2019 14:13:37 GMT - GET - Mozilla/5.0 (Windows NT 6.1; Win64; x64) AppleWebKit/537.36 (KHTML, like Gecko) Chrome/73.0.3683.86 Safari/537.36 - "/task/viewTasks" - 304 7.361(END)
Fri, 29 Mar 2019 14:13:37 GMT - GET - Mozilla/5.0 (Windows NT 6.1; Win64; x64) AppleWebKit/537.36 (KHTML, like Gecko) Chrome/73.0.3683.86 Safari/537.36 - "/task/viewTasks" - 304 2.587(END)
Fri, 29 Mar 2019 14:14:16 GMT - GET - Mozilla/5.0 (Windows NT 6.1; Win64; x64) AppleWebKit/537.36 (KHTML, like Gecko) Chrome/73.0.3683.86 Safari/537.36 - "/task/viewTasks" - 304 3.322(END)
Fri, 29 Mar 2019 14:14:30 GMT - GET - Mozilla/5.0 (Windows NT 6.1; Win64; x64) AppleWebKit/537.36 (KHTML, like Gecko) Chrome/73.0.3683.86 Safari/537.36 - "/task/viewTasks" - 304 3.216(END)
Fri, 29 Mar 2019 14:14:31 GMT - GET - Mozilla/5.0 (Windows NT 6.1; Win64; x64) AppleWebKit/537.36 (KHTML, like Gecko) Chrome/73.0.3683.86 Safari/537.36 - "/task/viewTasks" - 304 3.655(END)
Fri, 29 Mar 2019 14:14:31 GMT - GET - Mozilla/5.0 (Windows NT 6.1; Win64; x64) AppleWebKit/537.36 (KHTML, like Gecko) Chrome/73.0.3683.86 Safari/537.36 - "/task/viewTasks" - 304 6.422(END)
Fri, 29 Mar 2019 14:14:44 GMT - GET - Mozilla/5.0 (Windows NT 6.1; Win64; x64) AppleWebKit/537.36 (KHTML, like Gecko) Chrome/73.0.3683.86 Safari/537.36 - "/task/viewTasks" - 304 2.861(END)
Fri, 29 Mar 2019 14:14:45 GMT - GET - Mozilla/5.0 (Windows NT 6.1; Win64; x64) AppleWebKit/537.36 (KHTML, like Gecko) Chrome/73.0.3683.86 Safari/537.36 - "/task/viewTasks" - 304 5.245(END)
Fri, 29 Mar 2019 14:14:54 GMT - GET - Mozilla/5.0 (Windows NT 6.1; Win64; x64) AppleWebKit/537.36 (KHTML, like Gecko) Chrome/73.0.3683.86 Safari/537.36 - "/task/viewTasks" - 304 11.082(END)
Fri, 29 Mar 2019 14:14:54 GMT - GET - Mozilla/5.0 (Windows NT 6.1; Win64; x64) AppleWebKit/537.36 (KHTML, like Gecko) Chrome/73.0.3683.86 Safari/537.36 - "/task/viewTasks" - 304 3.917(END)
Fri, 29 Mar 2019 14:14:54 GMT - GET - Mozilla/5.0 (Windows NT 6.1; Win64; x64) AppleWebKit/537.36 (KHTML, like Gecko) Chrome/73.0.3683.86 Safari/537.36 - "/task/viewTasks" - 304 3.193(END)
Fri, 29 Mar 2019 14:15:11 GMT - GET - Mozilla/5.0 (Windows NT 6.1; Win64; x64) AppleWebKit/537.36 (KHTML, like Gecko) Chrome/73.0.3683.86 Safari/537.36 - "/task/viewTasks" - 304 3.298(END)
Fri, 29 Mar 2019 14:15:11 GMT - GET - Mozilla/5.0 (Windows NT 6.1; Win64; x64) AppleWebKit/537.36 (KHTML, like Gecko) Chrome/73.0.3683.86 Safari/537.36 - "/task/viewTasks" - 304 9.025(END)
Fri, 29 Mar 2019 14:15:24 GMT - GET - Mozilla/5.0 (Windows NT 6.1; Win64; x64) AppleWebKit/537.36 (KHTML, like Gecko) Chrome/73.0.3683.86 Safari/537.36 - "/task/viewTasks" - 200 4.611(END)
Fri, 29 Mar 2019 14:15:24 GMT - GET - Mozilla/5.0 (Windows NT 6.1; Win64; x64) AppleWebKit/537.36 (KHTML, like Gecko) Chrome/73.0.3683.86 Safari/537.36 - "/task/viewTasks" - 304 3.645(END)
Fri, 29 Mar 2019 14:15:24 GMT - GET - Mozilla/5.0 (Windows NT 6.1; Win64; x64) AppleWebKit/537.36 (KHTML, like Gecko) Chrome/73.0.3683.86 Safari/537.36 - "/task/viewTasks" - 304 6.624(END)
Fri, 29 Mar 2019 14:15:53 GMT - GET - Mozilla/5.0 (Windows NT 6.1; Win64; x64) AppleWebKit/537.36 (KHTML, like Gecko) Chrome/73.0.3683.86 Safari/537.36 - "/task/viewTasks" - 304 7.505(END)
Fri, 29 Mar 2019 14:15:53 GMT - GET - Mozilla/5.0 (Windows NT 6.1; Win64; x64) AppleWebKit/537.36 (KHTML, like Gecko) Chrome/73.0.3683.86 Safari/537.36 - "/task/viewTasks" - 304 10.088(END)
Fri, 29 Mar 2019 14:15:54 GMT - GET - Mozilla/5.0 (Windows NT 6.1; Win64; x64) AppleWebKit/537.36 (KHTML, like Gecko) Chrome/73.0.3683.86 Safari/537.36 - "/task/viewTasks" - 304 3.908(END)
Fri, 29 Mar 2019 14:21:09 GMT - GET - Mozilla/5.0 (Windows NT 6.1; Win64; x64) AppleWebKit/537.36 (KHTML, like Gecko) Chrome/73.0.3683.86 Safari/537.36 - "/task/viewTasks" - 200 4.407(END)
Fri, 29 Mar 2019 14:21:09 GMT - GET - Mozilla/5.0 (Windows NT 6.1; Win64; x64) AppleWebKit/537.36 (KHTML, like Gecko) Chrome/73.0.3683.86 Safari/537.36 - "/task/viewTasks" - 304 3.608(END)
Fri, 29 Mar 2019 14:21:10 GMT - GET - Mozilla/5.0 (Windows NT 6.1; Win64; x64) AppleWebKit/537.36 (KHTML, like Gecko) Chrome/73.0.3683.86 Safari/537.36 - "/task/viewTasks" - 304 3.335(END)
Fri, 29 Mar 2019 14:22:21 GMT - GET - Mozilla/5.0 (Windows NT 6.1; Win64; x64) AppleWebKit/537.36 (KHTML, like Gecko) Chrome/73.0.3683.86 Safari/537.36 - "/task/viewTasks" - 200 8.322(END)
Fri, 29 Mar 2019 14:22:22 GMT - GET - Mozilla/5.0 (Windows NT 6.1; Win64; x64) AppleWebKit/537.36 (KHTML, like Gecko) Chrome/73.0.3683.86 Safari/537.36 - "/task/viewTasks" - 304 2.913(END)
Fri, 29 Mar 2019 14:22:22 GMT - GET - Mozilla/5.0 (Windows NT 6.1; Win64; x64) AppleWebKit/537.36 (KHTML, like Gecko) Chrome/73.0.3683.86 Safari/537.36 - "/task/viewTasks" - 304 22.321(END)
